--- 刷新 09:36:06 ---
Fetch: 000880.SZ... OK
--- 刷新 09:36:22 ---
Fetch: 000880.SZ... OK
--- 刷新 09:36:37 ---
Fetch: 000880.SZ... OK
--- 刷新 09:36:52 ---
Fetch: 000880.SZ... OK
--- 刷新 09:37:08 ---
Fetch: 000880.SZ... OK
--- 刷新 09:37:23 ---
Fetch: 000880.SZ... OK
--- 刷新 09:37:38 ---
Fetch: 000880.SZ... OK
--- 刷新 09:37:53 ---
Fetch: 000880.SZ... OK
--- 刷新 09:38:09 ---
Fetch: 000880.SZ... OK
--- 刷新 09:38:24 ---
Fetch: 000880.SZ... OK
--- 刷新 09:38:39 ---
Fetch: 000880.SZ... OK
--- 刷新 09:38:55 ---
Fetch: 000880.SZ... OK
--- 刷新 09:39:10 ---
Fetch: 000880.SZ... OK
--- 刷新 09:39:25 ---
Fetch: 000880.SZ... OK
--- 刷新 09:39:40 ---
Fetch: 000880.SZ... OK
--- 刷新 09:39:56 ---
Fetch: 000880.SZ... OK
--- 刷新 09:40:11 ---
Fetch: 000880.SZ... OK
--- 刷新 09:40:26 ---
Fetch: 000880.SZ... OK
--- 刷新 09:40:41 ---
Fetch: 000880.SZ... $000880.SZ: possibly delisted; no price data found  (period=5d)
空数据
--- 刷新 09:40:58 ---
Fetch: 000880.SZ... OK
--- 刷新 09:41:14 ---
Fetch: 000880.SZ... OK
--- 刷新 09:41:29 ---
Fetch: 000880.SZ... OK
--- 刷新 09:41:45 ---
Fetch: 000880.SZ... OK
--- 刷新 09:42:00 ---
Fetch: 000880.SZ... OK
--- 刷新 09:42:15 ---
Fetch: 000880.SZ... OK
--- 刷新 09:42:30 ---
Fetch: 000880.SZ... OK
--- 刷新 09:42:46 ---
Fetch: 000880.SZ... OK
--- 刷新 09:43:01 ---
Fetch: 000880.SZ... OK
--- 刷新 09:43:16 ---
Fetch: 000880.SZ... OK
--- 刷新 09:43:31 ---
Fetch: 000880.SZ... OK
--- 刷新 09:43:47 ---
Fetch: 000880.SZ... OK
--- 刷新 09:44:02 ---
Fetch: 000880.SZ... OK
--- 刷新 09:44:17 ---
Fetch: 000880.SZ... OK
--- 刷新 09:44:32 ---
Fetch: 000880.SZ... OK
--- 刷新 09:44:48 ---
Fetch: 000880.SZ... OK
--- 刷新 09:45:03 ---
Fetch: 000880.SZ... OK
--- 刷新 09:45:18 ---
Fetch: 000880.SZ... OK
--- 刷新 09:45:33 ---
Fetch: 000880.SZ... OK
--- 刷新 09:45:49 ---
Fetch: 000880.SZ... OK
--- 刷新 09:46:04 ---
Fetch: 000880.SZ... OK
--- 刷新 09:46:19 ---
Fetch: 000880.SZ... OK
--- 刷新 09:46:35 ---
Fetch: 000880.SZ... OK
--- 刷新 09:46:50 ---
Fetch: 000880.SZ... OK
--- 刷新 09:47:05 ---
Fetch: 000880.SZ... OK
--- 刷新 09:47:20 ---
Fetch: 000880.SZ... OK
--- 刷新 09:47:36 ---
Fetch: 000880.SZ... OK
--- 刷新 09:47:51 ---
Fetch: 000880.SZ... OK
--- 刷新 09:48:06 ---
Fetch: 000880.SZ... OK
--- 刷新 09:48:21 ---
Fetch: 000880.SZ... OK
--- 刷新 09:48:37 ---
Fetch: 000880.SZ... $000880.SZ: possibly delisted; no price data found  (period=5d)
空数据
--- 刷新 09:49:02 ---
Fetch: 000880.SZ... OK
--- 刷新 09:49:17 ---
Fetch: 000880.SZ... OK
--- 刷新 09:49:32 ---
Fetch: 000880.SZ... OK
--- 刷新 09:49:47 ---
Fetch: 000880.SZ... OK
--- 刷新 09:50:03 ---
Fetch: 000880.SZ... OK
--- 刷新 09:50:18 ---
Fetch: 000880.SZ... OK
--- 刷新 09:50:33 ---
Fetch: 000880.SZ... OK
--- 刷新 09:50:49 ---
Fetch: 000880.SZ... OK
--- 刷新 09:51:04 ---
Fetch: 000880.SZ... OK
--- 刷新 09:51:19 ---
Fetch: 000880.SZ... OK
--- 刷新 09:51:34 ---
Fetch: 000880.SZ... OK
--- 刷新 09:51:50 ---
Fetch: 000880.SZ... OK
--- 刷新 09:52:05 ---
Fetch: 000880.SZ... OK
--- 刷新 09:52:20 ---
Fetch: 000880.SZ... OK
--- 刷新 09:52:36 ---
Fetch: 000880.SZ... OK
--- 刷新 09:52:51 ---
Fetch: 000880.SZ... OK
--- 刷新 09:53:06 ---
Fetch: 000880.SZ... OK
--- 刷新 09:53:21 ---
Fetch: 000880.SZ... OK
--- 刷新 09:53:37 ---
Fetch: 000880.SZ... OK
--- 刷新 09:53:52 ---
Fetch: 000880.SZ... OK
--- 刷新 09:54:07 ---
Fetch: 000880.SZ... OK
--- 刷新 09:54:22 ---
Fetch: 000880.SZ... OK
--- 刷新 09:54:38 ---
Fetch: 000880.SZ... OK
--- 刷新 09:54:53 ---
Fetch: 000880.SZ... OK
--- 刷新 09:55:08 ---
Fetch: 000880.SZ... OK
--- 刷新 09:55:24 ---
Fetch: 000880.SZ... OK
--- 刷新 09:55:39 ---
Fetch: 000880.SZ... OK
--- 刷新 09:55:54 ---
Fetch: 000880.SZ... OK
--- 刷新 09:56:09 ---
Fetch: 000880.SZ... OK
--- 刷新 09:56:25 ---
Fetch: 000880.SZ... OK
--- 刷新 09:56:40 ---
Fetch: 000880.SZ... OK
--- 刷新 09:56:55 ---
Fetch: 000880.SZ... OK
--- 刷新 09:57:11 ---
Fetch: 000880.SZ... OK
--- 刷新 09:57:26 ---
Fetch: 000880.SZ... OK
--- 刷新 09:57:41 ---
Fetch: 000880.SZ... OK
--- 刷新 09:57:57 ---
Fetch: 000880.SZ... OK
--- 刷新 09:58:12 ---
Fetch: 000880.SZ... OK
--- 刷新 09:58:27 ---
Fetch: 000880.SZ... OK
--- 刷新 09:58:42 ---
Fetch: 000880.SZ... OK
--- 刷新 09:58:58 ---
Fetch: 000880.SZ... OK
--- 刷新 09:59:13 ---
Fetch: 000880.SZ... OK
--- 刷新 09:59:28 ---
Fetch: 000880.SZ... OK
--- 刷新 09:59:44 ---
Fetch: 000880.SZ... OK
--- 刷新 09:59:59 ---
Fetch: 000880.SZ... OK
--- 刷新 10:00:14 ---
Fetch: 000880.SZ... OK
--- 刷新 10:00:29 ---
Fetch: 000880.SZ... OK
--- 刷新 10:00:45 ---
Fetch: 000880.SZ... OK
--- 刷新 10:01:00 ---
Fetch: 000880.SZ... OK
--- 刷新 10:01:15 ---
Fetch: 000880.SZ... OK
--- 刷新 10:01:31 ---
Fetch: 000880.SZ... OK
--- 刷新 10:01:46 ---
Fetch: 000880.SZ... OK
--- 刷新 10:02:01 ---
Fetch: 000880.SZ... OK
--- 刷新 10:02:17 ---
Fetch: 000880.SZ... OK
--- 刷新 10:02:32 ---
Fetch: 000880.SZ... OK
--- 刷新 10:02:47 ---
Fetch: 000880.SZ... OK
--- 刷新 10:03:02 ---
Fetch: 000880.SZ... OK
--- 刷新 10:03:18 ---
Fetch: 000880.SZ... OK
--- 刷新 10:03:33 ---
Fetch: 000880.SZ... OK
--- 刷新 10:03:48 ---
Fetch: 000880.SZ... OK
--- 刷新 10:04:03 ---
Fetch: 000880.SZ... OK
--- 刷新 10:04:19 ---
Fetch: 000880.SZ... OK
--- 刷新 10:04:34 ---
Fetch: 000880.SZ... OK
--- 刷新 10:04:49 ---
Fetch: 000880.SZ... OK
--- 刷新 10:05:04 ---
Fetch: 000880.SZ... OK
--- 刷新 10:05:20 ---
Fetch: 000880.SZ... OK
--- 刷新 10:05:35 ---
Fetch: 000880.SZ... OK
--- 刷新 10:05:51 ---
Fetch: 000880.SZ... OK
--- 刷新 10:06:06 ---
Fetch: 000880.SZ... OK
--- 刷新 10:06:21 ---
Fetch: 000880.SZ... OK
--- 刷新 10:06:36 ---
Fetch: 000880.SZ... OK
--- 刷新 10:06:52 ---
Fetch: 000880.SZ... OK
--- 刷新 10:07:07 ---
Fetch: 000880.SZ... OK
--- 刷新 10:07:22 ---
Fetch: 000880.SZ... OK
--- 刷新 10:07:38 ---
Fetch: 000880.SZ... OK
--- 刷新 10:07:53 ---
Fetch: 000880.SZ... OK
--- 刷新 10:08:08 ---
Fetch: 000880.SZ... OK
--- 刷新 10:08:23 ---
Fetch: 000880.SZ... OK
--- 刷新 10:08:39 ---
Fetch: 000880.SZ... OK
--- 刷新 10:08:54 ---
Fetch: 000880.SZ... OK
--- 刷新 10:09:09 ---
Fetch: 000880.SZ... OK
--- 刷新 10:09:25 ---
Fetch: 000880.SZ... OK
--- 刷新 10:09:40 ---
Fetch: 000880.SZ... OK
--- 刷新 10:09:55 ---
Fetch: 000880.SZ... OK
--- 刷新 10:10:11 ---
Fetch: 000880.SZ... OK
--- 刷新 10:10:26 ---
Fetch: 000880.SZ... OK
--- 刷新 10:10:41 ---
Fetch: 000880.SZ... OK
--- 刷新 10:10:56 ---
Fetch: 000880.SZ... OK
--- 刷新 10:11:12 ---
Fetch: 000880.SZ... OK
--- 刷新 10:11:27 ---
Fetch: 000880.SZ... OK
--- 刷新 10:11:42 ---
Fetch: 000880.SZ... OK
--- 刷新 10:11:58 ---
Fetch: 000880.SZ... OK
--- 刷新 10:12:13 ---
Fetch: 000880.SZ... OK
--- 刷新 10:12:28 ---
Fetch: 000880.SZ... OK
--- 刷新 10:12:43 ---
Fetch: 000880.SZ... OK
--- 刷新 10:12:59 ---
Fetch: 000880.SZ... OK
--- 刷新 10:13:14 ---
Fetch: 000880.SZ... OK
--- 刷新 10:13:29 ---
Fetch: 000880.SZ... OK
--- 刷新 10:13:44 ---
Fetch: 000880.SZ... OK
--- 刷新 10:14:00 ---
Fetch: 000880.SZ... OK
--- 刷新 10:14:15 ---
Fetch: 000880.SZ... OK
--- 刷新 10:14:30 ---
Fetch: 000880.SZ... OK
--- 刷新 10:14:46 ---
Fetch: 000880.SZ... OK
--- 刷新 10:15:01 ---
Fetch: 000880.SZ... OK
--- 刷新 10:15:16 ---
Fetch: 000880.SZ... OK
--- 刷新 10:15:31 ---
Fetch: 000880.SZ... OK
--- 刷新 10:15:47 ---
Fetch: 000880.SZ... OK
--- 刷新 10:16:02 ---
Fetch: 000880.SZ... OK
--- 刷新 10:16:17 ---
Fetch: 000880.SZ... OK
--- 刷新 10:16:32 ---
Fetch: 000880.SZ... OK
--- 刷新 10:16:48 ---
Fetch: 000880.SZ... OK
--- 刷新 10:17:03 ---
Fetch: 000880.SZ... OK
--- 刷新 10:17:18 ---
Fetch: 000880.SZ... OK
--- 刷新 10:17:34 ---
Fetch: 000880.SZ... OK
--- 刷新 10:17:49 ---
Fetch: 000880.SZ... OK
--- 刷新 10:18:04 ---
Fetch: 000880.SZ... OK
--- 刷新 10:18:19 ---
Fetch: 000880.SZ... OK
--- 刷新 10:18:35 ---
Fetch: 000880.SZ... OK
--- 刷新 10:18:50 ---
Fetch: 000880.SZ... OK
--- 刷新 10:19:05 ---
Fetch: 000880.SZ... OK
--- 刷新 10:19:20 ---
Fetch: 000880.SZ... OK
--- 刷新 10:19:36 ---
Fetch: 000880.SZ... OK
--- 刷新 10:19:51 ---
Fetch: 000880.SZ... OK
--- 刷新 10:20:07 ---
Fetch: 000880.SZ... OK
--- 刷新 10:20:22 ---
Fetch: 000880.SZ... OK
--- 刷新 10:20:37 ---
Fetch: 000880.SZ... OK
--- 刷新 10:20:52 ---
Fetch: 000880.SZ... OK
--- 刷新 10:21:08 ---
Fetch: 000880.SZ... OK
--- 刷新 10:21:23 ---
Fetch: 000880.SZ... OK
--- 刷新 10:21:39 ---
Fetch: 000880.SZ... OK
--- 刷新 10:21:54 ---
Fetch: 000880.SZ... OK
--- 刷新 10:22:09 ---
Fetch: 000880.SZ... OK
--- 刷新 10:22:24 ---
Fetch: 000880.SZ... OK
--- 刷新 10:22:40 ---
Fetch: 000880.SZ... OK
--- 刷新 10:22:55 ---
Fetch: 000880.SZ... OK
--- 刷新 10:23:10 ---
Fetch: 000880.SZ... OK
--- 刷新 10:23:25 ---
Fetch: 000880.SZ... OK
--- 刷新 10:23:41 ---
Fetch: 000880.SZ... OK
--- 刷新 10:23:56 ---
Fetch: 000880.SZ... OK
--- 刷新 10:24:11 ---
Fetch: 000880.SZ... OK
--- 刷新 10:24:27 ---
Fetch: 000880.SZ... OK
--- 刷新 10:24:42 ---
Fetch: 000880.SZ... OK
--- 刷新 10:24:57 ---
Fetch: 000880.SZ... OK
--- 刷新 10:25:12 ---
Fetch: 000880.SZ... OK
--- 刷新 10:25:28 ---
Fetch: 000880.SZ... OK
--- 刷新 10:25:43 ---
Fetch: 000880.SZ... OK
--- 刷新 10:25:58 ---
Fetch: 000880.SZ... OK
--- 刷新 10:26:13 ---
Fetch: 000880.SZ... OK
--- 刷新 10:26:29 ---
Fetch: 000880.SZ... OK
--- 刷新 10:26:44 ---
Fetch: 000880.SZ... OK
--- 刷新 10:26:59 ---
Fetch: 000880.SZ... OK
--- 刷新 10:27:15 ---
Fetch: 000880.SZ... OK
--- 刷新 10:27:30 ---
Fetch: 000880.SZ... OK
--- 刷新 10:27:45 ---
Fetch: 000880.SZ... OK
--- 刷新 10:28:00 ---
Fetch: 000880.SZ... OK
--- 刷新 10:28:16 ---
Fetch: 000880.SZ... OK
--- 刷新 10:28:31 ---
Fetch: 000880.SZ... OK
--- 刷新 10:28:46 ---
Fetch: 000880.SZ... OK
--- 刷新 10:29:01 ---
Fetch: 000880.SZ... OK
--- 刷新 10:29:17 ---
Fetch: 000880.SZ... OK
--- 刷新 10:29:32 ---
Fetch: 000880.SZ... OK
--- 刷新 10:29:47 ---
Fetch: 000880.SZ... OK
--- 刷新 10:30:02 ---
Fetch: 000880.SZ... OK
--- 刷新 10:30:18 ---
Fetch: 000880.SZ... OK
--- 刷新 10:30:33 ---
Fetch: 000880.SZ... OK
--- 刷新 10:30:48 ---
Fetch: 000880.SZ... OK
--- 刷新 10:31:04 ---
Fetch: 000880.SZ... OK
--- 刷新 10:31:19 ---
Fetch: 000880.SZ... OK
--- 刷新 10:31:34 ---
Fetch: 000880.SZ... OK
--- 刷新 10:31:49 ---
Fetch: 000880.SZ... OK
--- 刷新 10:32:05 ---
Fetch: 000880.SZ... OK
--- 刷新 10:32:20 ---
Fetch: 000880.SZ... OK
--- 刷新 10:32:35 ---
Fetch: 000880.SZ... OK
--- 刷新 10:32:51 ---
Fetch: 000880.SZ... OK
--- 刷新 10:33:06 ---
Fetch: 000880.SZ... OK
--- 刷新 10:33:21 ---
Fetch: 000880.SZ... OK
--- 刷新 10:33:37 ---
Fetch: 000880.SZ... OK
--- 刷新 10:33:52 ---
Fetch: 000880.SZ... OK
--- 刷新 10:34:07 ---
Fetch: 000880.SZ... OK
--- 刷新 10:34:22 ---
Fetch: 000880.SZ... OK
--- 刷新 10:34:38 ---
Fetch: 000880.SZ... OK
--- 刷新 10:34:53 ---
Fetch: 000880.SZ... OK
--- 刷新 10:35:08 ---
Fetch: 000880.SZ... OK
--- 刷新 10:35:23 ---
Fetch: 000880.SZ... OK
--- 刷新 10:35:39 ---
Fetch: 000880.SZ... OK
--- 刷新 10:35:56 ---
Fetch: 000880.SZ... OK
--- 刷新 10:36:11 ---
Fetch: 000880.SZ... OK
--- 刷新 10:36:27 ---
Fetch: 000880.SZ... OK
--- 刷新 10:36:42 ---
Fetch: 000880.SZ... OK
--- 刷新 10:36:57 ---
Fetch: 000880.SZ... OK
--- 刷新 10:37:12 ---
Fetch: 000880.SZ... OK
--- 刷新 10:37:28 ---
Fetch: 000880.SZ... OK
--- 刷新 10:37:43 ---
Fetch: 000880.SZ... OK
--- 刷新 10:37:58 ---
Fetch: 000880.SZ... OK
--- 刷新 10:38:14 ---
Fetch: 000880.SZ... OK
--- 刷新 10:38:29 ---
Fetch: 000880.SZ... OK
--- 刷新 10:38:44 ---
Fetch: 000880.SZ... OK
--- 刷新 10:38:59 ---
Fetch: 000880.SZ... OK
--- 刷新 10:39:15 ---
Fetch: 000880.SZ... OK
--- 刷新 10:39:30 ---
Fetch: 000880.SZ... OK
--- 刷新 10:39:45 ---
Fetch: 000880.SZ... OK
--- 刷新 10:40:00 ---
Fetch: 000880.SZ... OK
--- 刷新 10:40:16 ---
Fetch: 000880.SZ... OK
--- 刷新 10:40:31 ---
Fetch: 000880.SZ... OK
--- 刷新 10:40:46 ---
Fetch: 000880.SZ... OK
--- 刷新 10:41:02 ---
Fetch: 000880.SZ... OK
--- 刷新 10:41:17 ---
Fetch: 000880.SZ... OK
--- 刷新 10:41:32 ---
Fetch: 000880.SZ... OK
--- 刷新 10:41:47 ---
Fetch: 000880.SZ... OK
--- 刷新 10:42:03 ---
Fetch: 000880.SZ... OK
--- 刷新 10:42:18 ---
Fetch: 000880.SZ... OK
--- 刷新 10:42:33 ---
Fetch: 000880.SZ... OK
--- 刷新 10:42:48 ---
Fetch: 000880.SZ... OK
--- 刷新 10:43:04 ---
Fetch: 000880.SZ... OK
--- 刷新 10:43:19 ---
Fetch: 000880.SZ... OK
--- 刷新 10:43:34 ---
Fetch: 000880.SZ... OK
--- 刷新 10:43:49 ---
Fetch: 000880.SZ... OK
--- 刷新 10:44:05 ---
Fetch: 000880.SZ... OK
--- 刷新 10:44:20 ---
Fetch: 000880.SZ... OK
--- 刷新 10:44:35 ---
Fetch: 000880.SZ... OK
--- 刷新 10:44:51 ---
Fetch: 000880.SZ... OK
--- 刷新 10:45:06 ---
Fetch: 000880.SZ... OK
--- 刷新 10:45:21 ---
Fetch: 000880.SZ... OK
--- 刷新 10:45:37 ---
Fetch: 000880.SZ... OK
--- 刷新 10:45:52 ---
Fetch: 000880.SZ... OK
--- 刷新 10:46:07 ---
Fetch: 000880.SZ... OK
--- 刷新 10:46:22 ---
Fetch: 000880.SZ... OK
--- 刷新 10:46:38 ---
Fetch: 000880.SZ... OK
--- 刷新 10:46:53 ---
Fetch: 000880.SZ... OK
--- 刷新 10:47:08 ---
Fetch: 000880.SZ... OK
--- 刷新 10:47:23 ---
Fetch: 000880.SZ... OK
--- 刷新 10:47:39 ---
Fetch: 000880.SZ... OK
--- 刷新 10:47:54 ---
Fetch: 000880.SZ... OK
--- 刷新 10:48:09 ---
Fetch: 000880.SZ... OK
--- 刷新 10:48:25 ---
Fetch: 000880.SZ... OK
--- 刷新 10:48:40 ---
Fetch: 000880.SZ... OK
--- 刷新 10:48:55 ---
Fetch: 000880.SZ... OK
--- 刷新 10:49:11 ---
Fetch: 000880.SZ... OK
--- 刷新 10:49:26 ---
Fetch: 000880.SZ... OK
--- 刷新 10:49:41 ---
Fetch: 000880.SZ... OK
--- 刷新 10:49:57 ---
Fetch: 000880.SZ... OK
--- 刷新 10:50:12 ---
Fetch: 000880.SZ... OK
--- 刷新 10:50:27 ---
Fetch: 000880.SZ... OK
--- 刷新 10:50:42 ---
Fetch: 000880.SZ... OK
--- 刷新 10:50:58 ---
Fetch: 000880.SZ... OK
--- 刷新 10:51:13 ---
Fetch: 000880.SZ... OK
--- 刷新 10:51:28 ---
Fetch: 000880.SZ... OK
--- 刷新 10:51:43 ---
Fetch: 000880.SZ... OK
--- 刷新 10:51:59 ---
Fetch: 000880.SZ... OK
--- 刷新 10:52:14 ---
Fetch: 000880.SZ... OK
--- 刷新 10:52:29 ---
Fetch: 000880.SZ... OK
--- 刷新 10:52:45 ---
Fetch: 000880.SZ... OK
--- 刷新 10:53:00 ---
Fetch: 000880.SZ... OK
--- 刷新 10:53:15 ---
Fetch: 000880.SZ... OK
--- 刷新 10:53:31 ---
Fetch: 000880.SZ... OK
--- 刷新 10:53:46 ---
Fetch: 000880.SZ... OK
--- 刷新 10:54:01 ---
Fetch: 000880.SZ... OK
--- 刷新 10:54:17 ---
Fetch: 000880.SZ... OK
--- 刷新 10:54:32 ---
Fetch: 000880.SZ... OK
--- 刷新 10:54:47 ---
Fetch: 000880.SZ... OK
--- 刷新 10:55:02 ---
Fetch: 000880.SZ... OK
--- 刷新 10:55:18 ---
Fetch: 000880.SZ... OK
--- 刷新 10:55:33 ---
Fetch: 000880.SZ... OK
--- 刷新 10:55:48 ---
Fetch: 000880.SZ... OK
Fetch: 000001.SS... OK
--- 刷新 10:56:04 ---
Fetch: 000880.SZ... OK
Fetch: 000001.SS... OK
--- 刷新 10:56:19 ---
Fetch: 000880.SZ... OK
Fetch: 000001.SS... OK
--- 刷新 10:56:35 ---
Fetch: 000880.SZ... OK
Fetch: 000001.SS... OK
--- 刷新 10:56:51 ---
Fetch: 000880.SZ... OK
Fetch: 000001.SS... OK
--- 刷新 10:57:06 ---
Fetch: 000880.SZ... OK
Fetch: 000001.SS... OK
--- 刷新 10:57:22 ---
Fetch: 000880.SZ... OK
Fetch: 000001.SS... OK
--- 刷新 10:57:37 ---
Fetch: 000880.SZ... OK
Fetch: 000001.SS... OK
--- 刷新 10:57:53 ---
Fetch: 000880.SZ... OK
Fetch: 000001.SS... OK
--- 刷新 10:58:08 ---
Fetch: 000880.SZ... OK
Fetch: 000001.SS... OK
--- 刷新 10:58:24 ---
Fetch: 000880.SZ... OK
Fetch: 000001.SS... OK
--- 刷新 10:58:39 ---
Fetch: 000880.SZ... OK
Fetch: 000001.SS... OK
--- 刷新 10:58:55 ---
Fetch: 000880.SZ... OK
Fetch: 000001.SS... OK
--- 刷新 10:59:11 ---
Fetch: 000880.SZ... OK
Fetch: 000001.SS... OK
--- 刷新 10:59:27 ---
Fetch: 000880.SZ... OK
Fetch: 000001.SS... OK
--- 刷新 10:59:42 ---
Fetch: 000880.SZ... OK
Fetch: 000001.SS... OK
--- 刷新 10:59:58 ---
Fetch: 000880.SZ... OK
Fetch: 000001.SS... OK
--- 刷新 11:00:13 ---
Fetch: 000880.SZ... OK
Fetch: 000001.SS... OK
--- 刷新 11:00:29 ---
Fetch: 000880.SZ... OK
Fetch: 000001.SS... OK
--- 刷新 11:00:45 ---
Fetch: 000880.SZ... OK
Fetch: 000001.SS... OK
--- 刷新 11:01:00 ---
Fetch: 000880.SZ... OK
Fetch: 000001.SS... OK
--- 刷新 11:01:16 ---
Fetch: 000880.SZ... OK
Fetch: 000001.SS... OK
--- 刷新 11:01:31 ---
Fetch: 000880.SZ... OK
Fetch: 000001.SS... OK
--- 刷新 11:01:47 ---
Fetch: 000880.SZ... OK
Fetch: 000001.SS... OK
--- 刷新 11:02:02 ---
Fetch: 000880.SZ... OK
Fetch: 000001.SS... OK
--- 刷新 11:02:18 ---
Fetch: 000880.SZ... OK
Fetch: 000001.SS... OK
--- 刷新 11:02:34 ---
Fetch: 000880.SZ... OK
Fetch: 000001.SS... OK
--- 刷新 11:02:50 ---
Fetch: 000880.SZ... OK
Fetch: 000001.SS... OK
--- 刷新 11:03:05 ---
Fetch: 000880.SZ... OK
Fetch: 000001.SS... OK
--- 刷新 11:03:21 ---
Fetch: 000880.SZ... OK
Fetch: 000001.SS... OK
--- 刷新 11:03:36 ---
Fetch: 000880.SZ... OK
Fetch: 000001.SS... OK
--- 刷新 11:03:52 ---
Fetch: 000880.SZ... OK
Fetch: 000001.SS... OK
--- 刷新 11:04:07 ---
Fetch: 000880.SZ... OK
Fetch: 000001.SS... OK
--- 刷新 11:04:23 ---
Fetch: 000880.SZ... OK
Fetch: 000001.SS... OK
--- 刷新 11:04:39 ---
Fetch: 000880.SZ... OK
Fetch: 000001.SS... OK
--- 刷新 11:04:54 ---
Fetch: 000880.SZ... OK
Fetch: 000001.SS... OK
--- 刷新 11:05:10 ---
Fetch: 000880.SZ... OK
Fetch: 000001.SS... OK
--- 刷新 11:05:25 ---
Fetch: 000880.SZ... OK
Fetch: 000001.SS... OK
--- 刷新 11:05:41 ---
Fetch: 000880.SZ... OK
Fetch: 000001.SS... OK
--- 刷新 11:05:56 ---
Fetch: 000880.SZ... OK
Fetch: 000001.SS... OK
--- 刷新 11:06:12 ---
Fetch: 000880.SZ... OK
Fetch: 000001.SS... OK
--- 刷新 11:06:28 ---
Fetch: 000880.SZ... OK
Fetch: 000001.SS... OK
--- 刷新 11:06:43 ---
Fetch: 000880.SZ... OK
Fetch: 000001.SS... OK
--- 刷新 11:06:59 ---
Fetch: 000880.SZ... OK
Fetch: 000001.SS... OK
--- 刷新 11:07:14 ---
Fetch: 000880.SZ... OK
Fetch: 000001.SS... OK
--- 刷新 11:07:30 ---
Fetch: 000880.SZ... OK
Fetch: 000001.SS... OK
--- 刷新 11:07:45 ---
Fetch: 000880.SZ... OK
Fetch: 000001.SS... OK
--- 刷新 11:08:01 ---
Fetch: 000880.SZ... OK
Fetch: 000001.SS... OK
--- 刷新 11:08:17 ---
Fetch: 000880.SZ... OK
Fetch: 000001.SS... OK
--- 刷新 11:08:32 ---
Fetch: 000880.SZ... OK
Fetch: 000001.SS... OK
--- 刷新 11:08:48 ---
Fetch: 000880.SZ... OK
Fetch: 000001.SS... OK
--- 刷新 11:09:03 ---
Fetch: 000880.SZ... OK
Fetch: 000001.SS... OK
--- 刷新 11:09:19 ---
Fetch: 000880.SZ... OK
Fetch: 000001.SS... OK
--- 刷新 11:09:34 ---
Fetch: 000880.SZ... OK
Fetch: 000001.SS... OK
--- 刷新 11:09:50 ---
Fetch: 000880.SZ... OK
Fetch: 000001.SS... OK
--- 刷新 11:10:05 ---
Fetch: 000880.SZ... OK
Fetch: 000001.SS... OK
--- 刷新 11:10:21 ---
Fetch: 000880.SZ... OK
Fetch: 000001.SS... OK
--- 刷新 11:10:36 ---
Fetch: 000880.SZ... OK
Fetch: 000001.SS... OK
--- 刷新 11:10:52 ---
Fetch: 000880.SZ... OK
Fetch: 000001.SS... OK
--- 刷新 11:11:08 ---
Fetch: 000880.SZ... OK
Fetch: 000001.SS... OK
--- 刷新 11:11:23 ---
Fetch: 000880.SZ... OK
Fetch: 000001.SS... OK
--- 刷新 11:11:39 ---
Fetch: 000880.SZ... OK
Fetch: 000001.SS... OK
--- 刷新 11:11:54 ---
Fetch: 000880.SZ... OK
Fetch: 000001.SS... OK
--- 刷新 11:12:10 ---
Fetch: 000880.SZ... OK
Fetch: 000001.SS... OK
--- 刷新 11:12:25 ---
Fetch: 000880.SZ... OK
Fetch: 000001.SS... OK
--- 刷新 11:12:41 ---
Fetch: 000880.SZ... OK
Fetch: 000001.SS... OK
--- 刷新 11:12:57 ---
Fetch: 000880.SZ... OK
Fetch: 000001.SS... OK
--- 刷新 11:13:13 ---
Fetch: 000880.SZ... OK
Fetch: 000001.SS... OK
--- 刷新 11:13:28 ---
Fetch: 000880.SZ... OK
Fetch: 000001.SS... OK
--- 刷新 11:13:44 ---
Fetch: 000880.SZ... OK
Fetch: 000001.SS... OK
--- 刷新 11:13:59 ---
Fetch: 000880.SZ... OK
Fetch: 000001.SS... OK
--- 刷新 11:14:15 ---
Fetch: 000880.SZ... OK
Fetch: 000001.SS... OK
--- 刷新 11:14:31 ---
Fetch: 000880.SZ... OK
Fetch: 000001.SS... OK
--- 刷新 11:14:46 ---
Fetch: 000880.SZ... OK
Fetch: 000001.SS... OK
--- 刷新 11:15:02 ---
Fetch: 000880.SZ... OK
Fetch: 000001.SS... OK
--- 刷新 11:15:17 ---
Fetch: 000880.SZ... OK
Fetch: 000001.SS... OK
--- 刷新 11:15:33 ---
Fetch: 000880.SZ... OK
Fetch: 000001.SS... OK
--- 刷新 11:15:48 ---
Fetch: 000880.SZ... OK
Fetch: 000001.SS... OK
--- 刷新 11:16:04 ---
Fetch: 000880.SZ... OK
Fetch: 000001.SS... OK
--- 刷新 11:16:20 ---
Fetch: 000880.SZ... OK
Fetch: 000001.SS... OK
--- 刷新 11:16:35 ---
Fetch: 000880.SZ... OK
Fetch: 000001.SS... OK
--- 刷新 11:16:51 ---
Fetch: 000880.SZ... OK
Fetch: 000001.SS... OK
--- 刷新 11:17:06 ---
Fetch: 000880.SZ... OK
Fetch: 000001.SS... OK
--- 刷新 11:17:22 ---
Fetch: 000880.SZ... OK
Fetch: 000001.SS... OK
--- 刷新 11:17:37 ---
Fetch: 000880.SZ... OK
Fetch: 000001.SS... OK
--- 刷新 11:17:53 ---
Fetch: 000880.SZ... OK
Fetch: 000001.SS... OK
--- 刷新 11:18:08 ---
Fetch: 000880.SZ... OK
Fetch: 000001.SS... OK
--- 刷新 11:18:24 ---
Fetch: 000880.SZ... OK
Fetch: 000001.SS... OK
--- 刷新 11:18:39 ---
Fetch: 000880.SZ... OK
Fetch: 000001.SS... OK
--- 刷新 11:18:55 ---
Fetch: 000880.SZ... OK
Fetch: 000001.SS... OK
--- 刷新 11:19:11 ---
Fetch: 000880.SZ... OK
Fetch: 000001.SS... OK
--- 刷新 11:19:26 ---
Fetch: 000880.SZ... OK
Fetch: 000001.SS... OK
--- 刷新 11:19:42 ---
Fetch: 000880.SZ... OK
Fetch: 000001.SS... OK
--- 刷新 11:19:57 ---
Fetch: 000880.SZ... OK
Fetch: 000001.SS... OK
--- 刷新 11:20:13 ---
Fetch: 000880.SZ... OK
Fetch: 000001.SS... OK
--- 刷新 11:20:28 ---
Fetch: 000880.SZ... OK
Fetch: 000001.SS... OK
--- 刷新 11:20:44 ---
Fetch: 000880.SZ... OK
Fetch: 000001.SS... OK
--- 刷新 11:20:59 ---
Fetch: 000880.SZ... OK
Fetch: 000001.SS... OK
--- 刷新 11:21:15 ---
Fetch: 000880.SZ... OK
Fetch: 000001.SS... OK
--- 刷新 11:21:30 ---
Fetch: 000880.SZ... OK
Fetch: 000001.SS... OK
--- 刷新 11:21:46 ---
Fetch: 000880.SZ... OK
Fetch: 000001.SS... OK
--- 刷新 11:22:02 ---
Fetch: 000880.SZ... OK
Fetch: 000001.SS... OK
--- 刷新 11:22:17 ---
Fetch: 000880.SZ... OK
Fetch: 000001.SS... OK
--- 刷新 11:22:33 ---
Fetch: 000880.SZ... OK
Fetch: 000001.SS... OK
--- 刷新 11:22:48 ---
Fetch: 000880.SZ... OK
Fetch: 000001.SS... OK
--- 刷新 11:23:04 ---
Fetch: 000880.SZ... OK
Fetch: 000001.SS... OK
--- 刷新 11:23:19 ---
Fetch: 000880.SZ... OK
Fetch: 000001.SS... OK
--- 刷新 11:23:35 ---
Fetch: 000880.SZ... OK
Fetch: 000001.SS... OK
--- 刷新 11:23:50 ---
Fetch: 000880.SZ... OK
Fetch: 000001.SS... OK
--- 刷新 11:24:06 ---
Fetch: 000880.SZ... OK
Fetch: 000001.SS... OK
--- 刷新 11:24:21 ---
Fetch: 000880.SZ... OK
Fetch: 000001.SS... OK
--- 刷新 11:24:37 ---
Fetch: 000880.SZ... OK
Fetch: 000001.SS... OK
--- 刷新 11:24:52 ---
Fetch: 000880.SZ... OK
Fetch: 000001.SS... OK
--- 刷新 11:25:08 ---
Fetch: 000880.SZ... OK
Fetch: 000001.SS... OK
--- 刷新 11:25:24 ---
Fetch: 000880.SZ... OK
Fetch: 000001.SS... OK
--- 刷新 11:25:39 ---
Fetch: 000880.SZ... OK
Fetch: 000001.SS... OK
--- 刷新 11:25:55 ---
Fetch: 000880.SZ... OK
Fetch: 000001.SS... OK
--- 刷新 11:26:10 ---
Fetch: 000880.SZ... OK
Fetch: 000001.SS... OK
--- 刷新 11:26:26 ---
Fetch: 000880.SZ... OK
Fetch: 000001.SS... OK
--- 刷新 11:26:41 ---
Fetch: 000880.SZ... OK
Fetch: 000001.SS... OK
--- 刷新 11:26:57 ---
Fetch: 000880.SZ... OK
Fetch: 000001.SS... OK
--- 刷新 11:27:12 ---
Fetch: 000880.SZ... OK
Fetch: 000001.SS... OK
--- 刷新 11:27:28 ---
Fetch: 000880.SZ... OK
Fetch: 000001.SS... OK
--- 刷新 11:27:43 ---
Fetch: 000880.SZ... OK
Fetch: 000001.SS... OK
--- 刷新 11:27:59 ---
Fetch: 000880.SZ... OK
Fetch: 000001.SS... OK
--- 刷新 11:28:15 ---
Fetch: 000880.SZ... OK
Fetch: 000001.SS... OK
--- 刷新 11:28:30 ---
Fetch: 000880.SZ... OK
Fetch: 000001.SS... OK
--- 刷新 11:28:46 ---
Fetch: 000880.SZ... OK
Fetch: 000001.SS... OK
--- 刷新 11:29:01 ---
Fetch: 000880.SZ... OK
Fetch: 000001.SS... OK
--- 刷新 11:29:17 ---
Fetch: 000880.SZ... OK
Fetch: 000001.SS... OK
--- 刷新 11:29:33 ---
Fetch: 000880.SZ... OK
Fetch: 000001.SS... OK
--- 刷新 11:29:48 ---
Fetch: 000880.SZ... OK
Fetch: 000001.SS... OK
--- 刷新 11:30:04 ---
Fetch: 000880.SZ... OK
Fetch: 000001.SS... OK
--- 刷新 11:30:19 ---
Fetch: 000880.SZ... OK
Fetch: 000001.SS... OK
--- 刷新 11:30:35 ---
Fetch: 000880.SZ... OK
Fetch: 000001.SS... OK
--- 刷新 11:30:50 ---
Fetch: 000880.SZ... OK
Fetch: 000001.SS... OK
--- 刷新 11:31:06 ---
Fetch: 000880.SZ... OK
Fetch: 000001.SS... OK
--- 刷新 11:31:21 ---
Fetch: 000880.SZ... OK
Fetch: 000001.SS... OK
--- 刷新 11:31:37 ---
Fetch: 000880.SZ... OK
Fetch: 000001.SS... OK
--- 刷新 11:31:53 ---
Fetch: 000880.SZ... OK
Fetch: 000001.SS... OK
--- 刷新 11:32:08 ---
Fetch: 000880.SZ... OK
Fetch: 000001.SS... OK
--- 刷新 11:32:24 ---
Fetch: 000880.SZ... OK
Fetch: 000001.SS... OK
--- 刷新 11:32:39 ---
Fetch: 000880.SZ... OK
Fetch: 000001.SS... OK
--- 刷新 11:32:55 ---
Fetch: 000880.SZ... OK
Fetch: 000001.SS... OK
--- 刷新 11:33:10 ---
Fetch: 000880.SZ... OK
Fetch: 000001.SS... OK
--- 刷新 11:33:26 ---
Fetch: 000880.SZ... OK
Fetch: 000001.SS... OK
--- 刷新 11:33:41 ---
Fetch: 000880.SZ... OK
Fetch: 000001.SS... OK
--- 刷新 11:33:57 ---
Fetch: 000880.SZ... OK
Fetch: 000001.SS... OK
--- 刷新 11:34:13 ---
Fetch: 000880.SZ... OK
Fetch: 000001.SS... OK
--- 刷新 11:34:28 ---
Fetch: 000880.SZ... OK
Fetch: 000001.SS... OK
--- 刷新 11:34:44 ---
Fetch: 000880.SZ... OK
Fetch: 000001.SS... OK
--- 刷新 11:34:59 ---
Fetch: 000880.SZ... OK
Fetch: 000001.SS... OK
--- 刷新 11:35:15 ---
Fetch: 000880.SZ... OK
Fetch: 000001.SS... OK
--- 刷新 11:35:30 ---
Fetch: 000880.SZ... OK
Fetch: 000001.SS... OK
--- 刷新 11:35:46 ---
Fetch: 000880.SZ... OK
Fetch: 000001.SS... OK
--- 刷新 11:36:01 ---
Fetch: 000880.SZ... OK
Fetch: 000001.SS... OK
--- 刷新 11:36:17 ---
Fetch: 000880.SZ... OK
Fetch: 000001.SS... OK
--- 刷新 11:36:32 ---
Fetch: 000880.SZ... OK
Fetch: 000001.SS... OK
--- 刷新 11:36:48 ---
Fetch: 000880.SZ... OK
Fetch: 000001.SS... OK
--- 刷新 11:37:04 ---
Fetch: 000880.SZ... OK
Fetch: 000001.SS... OK
--- 刷新 11:37:19 ---
Fetch: 000880.SZ... OK
Fetch: 000001.SS... OK
--- 刷新 11:37:35 ---
Fetch: 000880.SZ... OK
Fetch: 000001.SS... OK
--- 刷新 11:37:50 ---
Fetch: 000880.SZ... OK
Fetch: 000001.SS... OK
--- 刷新 11:38:06 ---
Fetch: 000880.SZ... OK
Fetch: 000001.SS... OK
--- 刷新 11:38:21 ---
Fetch: 000880.SZ... OK
Fetch: 000001.SS... OK
--- 刷新 11:38:37 ---
Fetch: 000880.SZ... OK
Fetch: 000001.SS... OK
--- 刷新 11:38:53 ---
Fetch: 000880.SZ... OK
Fetch: 000001.SS... OK
--- 刷新 11:39:08 ---
Fetch: 000880.SZ... OK
Fetch: 000001.SS... OK
--- 刷新 11:39:24 ---
Fetch: 000880.SZ... OK
Fetch: 000001.SS... OK
--- 刷新 11:39:39 ---
Fetch: 000880.SZ... OK
Fetch: 000001.SS... OK
--- 刷新 11:39:55 ---
Fetch: 000880.SZ... OK
Fetch: 000001.SS... OK
--- 刷新 11:40:10 ---
Fetch: 000880.SZ... OK
Fetch: 000001.SS... OK
--- 刷新 11:40:26 ---
Fetch: 000880.SZ... OK
Fetch: 000001.SS... OK
--- 刷新 11:40:42 ---
Fetch: 000880.SZ... OK
Fetch: 000001.SS... OK
--- 刷新 11:40:57 ---
Fetch: 000880.SZ... OK
Fetch: 000001.SS... OK
--- 刷新 11:41:13 ---
Fetch: 000880.SZ... OK
Fetch: 000001.SS... OK
--- 刷新 11:41:28 ---
Fetch: 000880.SZ... OK
Fetch: 000001.SS... OK
--- 刷新 11:41:44 ---
Fetch: 000880.SZ... OK
Fetch: 000001.SS... OK
--- 刷新 11:41:59 ---
Fetch: 000880.SZ... OK
Fetch: 000001.SS... OK
--- 刷新 11:42:15 ---
Fetch: 000880.SZ... OK
Fetch: 000001.SS... OK
--- 刷新 11:42:30 ---
Fetch: 000880.SZ... OK
Fetch: 000001.SS... OK
--- 刷新 11:42:46 ---
Fetch: 000880.SZ... OK
Fetch: 000001.SS... OK
--- 刷新 11:43:01 ---
Fetch: 000880.SZ... OK
Fetch: 000001.SS... OK
--- 刷新 11:43:17 ---
Fetch: 000880.SZ... OK
Fetch: 000001.SS... OK
--- 刷新 11:43:32 ---
Fetch: 000880.SZ... OK
Fetch: 000001.SS... OK
--- 刷新 11:43:48 ---
Fetch: 000880.SZ... OK
Fetch: 000001.SS... OK
--- 刷新 11:44:04 ---
Fetch: 000880.SZ... OK
Fetch: 000001.SS... OK
--- 刷新 11:44:19 ---
Fetch: 000880.SZ... OK
Fetch: 000001.SS... OK
--- 刷新 11:44:35 ---
Fetch: 000880.SZ... OK
Fetch: 000001.SS... OK
--- 刷新 11:44:50 ---
Fetch: 000880.SZ... OK
Fetch: 000001.SS... OK
--- 刷新 11:45:06 ---
Fetch: 000880.SZ... OK
Fetch: 000001.SS... OK
--- 刷新 11:45:21 ---
Fetch: 000880.SZ... OK
Fetch: 000001.SS... OK
--- 刷新 11:45:37 ---
Fetch: 000880.SZ... OK
Fetch: 000001.SS... OK
--- 刷新 11:45:52 ---
Fetch: 000880.SZ... OK
Fetch: 000001.SS... OK
--- 刷新 11:46:08 ---
Fetch: 000880.SZ... OK
Fetch: 000001.SS... OK
--- 刷新 11:46:24 ---
Fetch: 000880.SZ... OK
Fetch: 000001.SS... OK
--- 刷新 11:46:39 ---
Fetch: 000880.SZ... OK
Fetch: 000001.SS... OK
--- 刷新 11:46:55 ---
Fetch: 000880.SZ... OK
Fetch: 000001.SS... OK
--- 刷新 11:47:10 ---
Fetch: 000880.SZ... OK
Fetch: 000001.SS... OK
--- 刷新 11:47:26 ---
Fetch: 000880.SZ... OK
Fetch: 000001.SS... OK
--- 刷新 11:47:41 ---
Fetch: 000880.SZ... OK
Fetch: 000001.SS... OK
--- 刷新 11:47:57 ---
Fetch: 000880.SZ... OK
Fetch: 000001.SS... OK
--- 刷新 11:48:13 ---
Fetch: 000880.SZ... OK
Fetch: 000001.SS... OK
--- 刷新 11:48:28 ---
Fetch: 000880.SZ... OK
Fetch: 000001.SS... OK
--- 刷新 11:48:44 ---
Fetch: 000880.SZ... OK
Fetch: 000001.SS... OK
--- 刷新 11:48:59 ---
Fetch: 000880.SZ... OK
Fetch: 000001.SS... OK
--- 刷新 11:49:15 ---
Fetch: 000880.SZ... OK
Fetch: 000001.SS... OK
--- 刷新 11:49:30 ---
Fetch: 000880.SZ... OK
Fetch: 000001.SS... OK
--- 刷新 11:49:46 ---
Fetch: 000880.SZ... OK
Fetch: 000001.SS... OK
--- 刷新 11:50:01 ---
Fetch: 000880.SZ... OK
Fetch: 000001.SS... OK
--- 刷新 11:50:17 ---
Fetch: 000880.SZ... OK
Fetch: 000001.SS... OK
--- 刷新 11:50:33 ---
Fetch: 000880.SZ... OK
Fetch: 000001.SS... OK
--- 刷新 11:50:48 ---
Fetch: 000880.SZ... OK
Fetch: 000001.SS... OK
--- 刷新 11:51:04 ---
Fetch: 000880.SZ... OK
Fetch: 000001.SS... OK
--- 刷新 11:51:19 ---
Fetch: 000880.SZ... OK
Fetch: 000001.SS... OK
--- 刷新 11:51:35 ---
Fetch: 000880.SZ... OK
Fetch: 000001.SS... OK
--- 刷新 11:51:50 ---
Fetch: 000880.SZ... OK
Fetch: 000001.SS... OK
--- 刷新 11:52:06 ---
Fetch: 000880.SZ... OK
Fetch: 000001.SS... OK
--- 刷新 11:52:21 ---
Fetch: 000880.SZ... OK
Fetch: 000001.SS... OK
--- 刷新 11:52:37 ---
Fetch: 000880.SZ... OK
Fetch: 000001.SS... OK
--- 刷新 11:52:52 ---
Fetch: 000880.SZ... OK
Fetch: 000001.SS... OK
--- 刷新 11:53:08 ---
Fetch: 000880.SZ... OK
Fetch: 000001.SS... OK
--- 刷新 11:53:24 ---
Fetch: 000880.SZ... OK
Fetch: 000001.SS... OK
--- 刷新 11:53:39 ---
Fetch: 000880.SZ... OK
Fetch: 000001.SS... OK
--- 刷新 11:53:55 ---
Fetch: 000880.SZ... OK
Fetch: 000001.SS... OK
--- 刷新 11:54:10 ---
Fetch: 000880.SZ... OK
Fetch: 000001.SS... OK
--- 刷新 11:54:26 ---
Fetch: 000880.SZ... OK
Fetch: 000001.SS... OK
--- 刷新 11:54:41 ---
Fetch: 000880.SZ... OK
Fetch: 000001.SS... OK
--- 刷新 11:54:57 ---
Fetch: 000880.SZ... OK
Fetch: 000001.SS... OK
--- 刷新 11:55:12 ---
Fetch: 000880.SZ... OK
Fetch: 000001.SS... OK
--- 刷新 11:55:28 ---
Fetch: 000880.SZ... OK
Fetch: 000001.SS... OK
--- 刷新 11:55:44 ---
Fetch: 000880.SZ... OK
Fetch: 000001.SS... OK
--- 刷新 11:55:59 ---
Fetch: 000880.SZ... OK
Fetch: 000001.SS... OK
--- 刷新 11:56:15 ---
Fetch: 000880.SZ... OK
Fetch: 000001.SS... OK
--- 刷新 11:56:30 ---
Fetch: 000880.SZ... OK
Fetch: 000001.SS... OK
--- 刷新 11:56:46 ---
Fetch: 000880.SZ... OK
Fetch: 000001.SS... OK
--- 刷新 11:57:01 ---
Fetch: 000880.SZ... OK
Fetch: 000001.SS... OK
--- 刷新 11:57:17 ---
Fetch: 000880.SZ... OK
Fetch: 000001.SS... OK
--- 刷新 11:57:32 ---
Fetch: 000880.SZ... OK
Fetch: 000001.SS... OK
--- 刷新 11:57:48 ---
Fetch: 000880.SZ... OK
Fetch: 000001.SS... OK
--- 刷新 11:58:04 ---
Fetch: 000880.SZ... OK
Fetch: 000001.SS... OK
--- 刷新 11:58:19 ---
Fetch: 000880.SZ... OK
Fetch: 000001.SS... OK
--- 刷新 11:58:35 ---
Fetch: 000880.SZ... OK
Fetch: 000001.SS... OK
--- 刷新 11:58:50 ---
Fetch: 000880.SZ... OK
Fetch: 000001.SS... OK
--- 刷新 11:59:06 ---
Fetch: 000880.SZ... OK
Fetch: 000001.SS... OK
--- 刷新 11:59:22 ---
Fetch: 000880.SZ... OK
Fetch: 000001.SS... OK
--- 刷新 11:59:37 ---
Fetch: 000880.SZ... OK
Fetch: 000001.SS... OK
--- 刷新 11:59:53 ---
Fetch: 000880.SZ... OK
Fetch: 000001.SS... OK
--- 刷新 12:00:08 ---
Fetch: 000880.SZ... OK
Fetch: 000001.SS... OK
--- 刷新 12:00:24 ---
Fetch: 000880.SZ... OK
Fetch: 000001.SS... OK
--- 刷新 12:00:40 ---
Fetch: 000880.SZ... OK
Fetch: 000001.SS... OK
--- 刷新 12:00:55 ---
Fetch: 000880.SZ... OK
Fetch: 000001.SS... OK
--- 刷新 12:01:11 ---
Fetch: 000880.SZ... OK
Fetch: 000001.SS... OK
--- 刷新 12:01:26 ---
Fetch: 000880.SZ... OK
Fetch: 000001.SS... OK
--- 刷新 12:01:42 ---
Fetch: 000880.SZ... OK
Fetch: 000001.SS... OK
--- 刷新 12:01:57 ---
Fetch: 000880.SZ... OK
Fetch: 000001.SS... OK
--- 刷新 12:02:13 ---
Fetch: 000880.SZ... OK
Fetch: 000001.SS... OK
--- 刷新 12:02:28 ---
Fetch: 000880.SZ... OK
Fetch: 000001.SS... OK
--- 刷新 12:02:44 ---
Fetch: 000880.SZ... OK
Fetch: 000001.SS... OK
--- 刷新 12:03:00 ---
Fetch: 000880.SZ... OK
Fetch: 000001.SS... OK
--- 刷新 12:03:15 ---
Fetch: 000880.SZ... OK
Fetch: 000001.SS... OK
--- 刷新 12:03:31 ---
Fetch: 000880.SZ... OK
Fetch: 000001.SS... OK
--- 刷新 12:03:46 ---
Fetch: 000880.SZ... OK
Fetch: 000001.SS... OK
--- 刷新 12:04:02 ---
Fetch: 000880.SZ... OK
Fetch: 000001.SS... OK
--- 刷新 12:04:17 ---
Fetch: 000880.SZ... OK
Fetch: 000001.SS... OK
--- 刷新 12:04:33 ---
Fetch: 000880.SZ... OK
Fetch: 000001.SS... OK
--- 刷新 12:04:49 ---
Fetch: 000880.SZ... OK
Fetch: 000001.SS... OK
--- 刷新 12:05:04 ---
Fetch: 000880.SZ... OK
Fetch: 000001.SS... OK
--- 刷新 12:05:20 ---
Fetch: 000880.SZ... OK
Fetch: 000001.SS... OK
--- 刷新 12:05:35 ---
Fetch: 000880.SZ... OK
Fetch: 000001.SS... OK
--- 刷新 12:05:51 ---
Fetch: 000880.SZ... OK
Fetch: 000001.SS... OK
--- 刷新 12:06:07 ---
Fetch: 000880.SZ... OK
Fetch: 000001.SS... OK
--- 刷新 12:06:22 ---
Fetch: 000880.SZ... OK
Fetch: 000001.SS... OK
--- 刷新 12:06:38 ---
Fetch: 000880.SZ... OK
Fetch: 000001.SS... OK
--- 刷新 12:06:53 ---
Fetch: 000880.SZ... OK
Fetch: 000001.SS... OK
--- 刷新 12:07:30 ---
Fetch: 000880.SZ... OK
Fetch: 000001.SS... OK
--- 刷新 12:07:45 ---
Fetch: 000880.SZ... OK
Fetch: 000001.SS... OK
--- 刷新 12:08:01 ---
Fetch: 000880.SZ... OK
Fetch: 000001.SS... OK
--- 刷新 12:08:16 ---
Fetch: 000880.SZ... OK
Fetch: 000001.SS... OK
--- 刷新 12:08:32 ---
Fetch: 000880.SZ... OK
Fetch: 000001.SS... OK
--- 刷新 12:08:48 ---
Fetch: 000880.SZ... OK
Fetch: 000001.SS... OK
--- 刷新 12:09:03 ---
Fetch: 000880.SZ... OK
Fetch: 000001.SS... OK
--- 刷新 12:09:19 ---
Fetch: 000880.SZ... OK
Fetch: 000001.SS... OK
--- 刷新 12:09:34 ---
Fetch: 000880.SZ... OK
Fetch: 000001.SS... OK
--- 刷新 12:09:50 ---
Fetch: 000880.SZ... OK
Fetch: 000001.SS... OK
--- 刷新 12:10:05 ---
Fetch: 000880.SZ... OK
Fetch: 000001.SS... OK
--- 刷新 12:10:21 ---
Fetch: 000880.SZ... OK
Fetch: 000001.SS... OK
--- 刷新 12:10:36 ---
Fetch: 000880.SZ... OK
Fetch: 000001.SS... OK
--- 刷新 12:10:52 ---
Fetch: 000880.SZ... OK
Fetch: 000001.SS... OK
--- 刷新 12:11:07 ---
Fetch: 000880.SZ... OK
Fetch: 000001.SS... OK
--- 刷新 12:11:24 ---
Fetch: 000880.SZ... OK
Fetch: 000001.SS... OK
--- 刷新 12:11:39 ---
Fetch: 000880.SZ... OK
Fetch: 000001.SS... OK
--- 刷新 12:11:55 ---
Fetch: 000880.SZ... OK
Fetch: 000001.SS... OK
--- 刷新 12:12:11 ---
Fetch: 000880.SZ... OK
Fetch: 000001.SS... OK
--- 刷新 12:12:27 ---
Fetch: 000880.SZ... OK
Fetch: 000001.SS... OK
--- 刷新 12:12:42 ---
Fetch: 000880.SZ... OK
Fetch: 000001.SS... OK
--- 刷新 12:12:58 ---
Fetch: 000880.SZ... OK
Fetch: 000001.SS... OK
--- 刷新 12:13:14 ---
Fetch: 000880.SZ... OK
Fetch: 000001.SS... OK
--- 刷新 12:13:30 ---
Fetch: 000880.SZ... OK
Fetch: 000001.SS... OK
--- 刷新 12:13:45 ---
Fetch: 000880.SZ... OK
Fetch: 000001.SS... OK
--- 刷新 12:14:01 ---
Fetch: 000880.SZ... OK
Fetch: 000001.SS... OK
--- 刷新 12:14:17 ---
Fetch: 000880.SZ... OK
Fetch: 000001.SS... OK
--- 刷新 12:14:33 ---
Fetch: 000880.SZ... OK
Fetch: 000001.SS... OK
--- 刷新 12:14:48 ---
Fetch: 000880.SZ... OK
Fetch: 000001.SS... OK
--- 刷新 12:15:04 ---
Fetch: 000880.SZ... OK
Fetch: 000001.SS... OK
--- 刷新 12:15:20 ---
Fetch: 000880.SZ... OK
Fetch: 000001.SS... OK
--- 刷新 12:15:36 ---
Fetch: 000880.SZ... OK
Fetch: 000001.SS... OK
--- 刷新 12:15:51 ---
Fetch: 000880.SZ... OK
Fetch: 000001.SS... OK
--- 刷新 12:16:07 ---
Fetch: 000880.SZ... OK
Fetch: 000001.SS... OK
--- 刷新 12:16:23 ---
Fetch: 000880.SZ... OK
Fetch: 000001.SS... OK
--- 刷新 12:16:38 ---
Fetch: 000880.SZ... OK
Fetch: 000001.SS... OK
--- 刷新 12:16:54 ---
Fetch: 000880.SZ... OK
Fetch: 000001.SS... OK
--- 刷新 12:17:10 ---
Fetch: 000880.SZ... OK
Fetch: 000001.SS... OK
--- 刷新 12:17:26 ---
Fetch: 000880.SZ... OK
Fetch: 000001.SS... OK
--- 刷新 12:17:41 ---
Fetch: 000880.SZ... OK
Fetch: 000001.SS... OK
--- 刷新 12:17:57 ---
Fetch: 000880.SZ... OK
Fetch: 000001.SS... OK
--- 刷新 12:18:13 ---
Fetch: 000880.SZ... OK
Fetch: 000001.SS... OK
--- 刷新 12:18:29 ---
Fetch: 000880.SZ... OK
Fetch: 000001.SS... OK
--- 刷新 12:18:44 ---
Fetch: 000880.SZ... OK
Fetch: 000001.SS... OK
--- 刷新 12:19:00 ---
Fetch: 000880.SZ... OK
Fetch: 000001.SS... OK
--- 刷新 12:19:16 ---
Fetch: 000880.SZ... OK
Fetch: 000001.SS... OK
--- 刷新 12:19:31 ---
Fetch: 000880.SZ... OK
Fetch: 000001.SS... OK
--- 刷新 12:19:47 ---
Fetch: 000880.SZ... OK
Fetch: 000001.SS... OK
--- 刷新 12:20:03 ---
Fetch: 000880.SZ... OK
Fetch: 000001.SS... OK
--- 刷新 12:20:19 ---
Fetch: 000880.SZ... OK
Fetch: 000001.SS... OK
--- 刷新 12:20:34 ---
Fetch: 000880.SZ... OK
Fetch: 000001.SS... OK
--- 刷新 12:20:50 ---
Fetch: 000880.SZ... OK
Fetch: 000001.SS... OK
--- 刷新 12:21:06 ---
Fetch: 000880.SZ... OK
Fetch: 000001.SS... OK
--- 刷新 12:21:21 ---
Fetch: 000880.SZ... OK
Fetch: 000001.SS... OK
--- 刷新 12:21:37 ---
Fetch: 000880.SZ... OK
Fetch: 000001.SS... OK
--- 刷新 12:21:53 ---
Fetch: 000880.SZ... OK
Fetch: 000001.SS... OK
--- 刷新 12:22:09 ---
Fetch: 000880.SZ... OK
Fetch: 000001.SS... OK
--- 刷新 12:22:25 ---
Fetch: 000880.SZ... OK
Fetch: 000001.SS... OK
--- 刷新 12:22:40 ---
Fetch: 000880.SZ... OK
Fetch: 000001.SS... OK
--- 刷新 12:22:56 ---
Fetch: 000880.SZ... OK
Fetch: 000001.SS... OK
--- 刷新 12:23:12 ---
Fetch: 000880.SZ... OK
Fetch: 000001.SS... OK
--- 刷新 12:23:28 ---
Fetch: 000880.SZ... OK
Fetch: 000001.SS... OK
--- 刷新 12:23:43 ---
Fetch: 000880.SZ... OK
Fetch: 000001.SS... OK
--- 刷新 12:23:59 ---
Fetch: 000880.SZ... OK
Fetch: 000001.SS... OK
--- 刷新 12:24:15 ---
Fetch: 000880.SZ... OK
Fetch: 000001.SS... OK
--- 刷新 12:24:31 ---
Fetch: 000880.SZ... OK
Fetch: 000001.SS... OK
--- 刷新 12:24:46 ---
Fetch: 000880.SZ... OK
Fetch: 000001.SS... OK
--- 刷新 12:25:02 ---
Fetch: 000880.SZ... OK
Fetch: 000001.SS... OK
--- 刷新 12:25:18 ---
Fetch: 000880.SZ... OK
Fetch: 000001.SS... OK
--- 刷新 12:25:33 ---
Fetch: 000880.SZ... OK
Fetch: 000001.SS... OK
--- 刷新 12:25:49 ---
Fetch: 000880.SZ... OK
Fetch: 000001.SS... OK
--- 刷新 12:26:05 ---
Fetch: 000880.SZ... OK
Fetch: 000001.SS... OK
--- 刷新 12:26:21 ---
Fetch: 000880.SZ... OK
Fetch: 000001.SS... OK
--- 刷新 12:26:37 ---
Fetch: 000880.SZ... OK
Fetch: 000001.SS... OK
--- 刷新 12:26:52 ---
Fetch: 000880.SZ... OK
Fetch: 000001.SS... OK
--- 刷新 12:27:08 ---
Fetch: 000880.SZ... OK
Fetch: 000001.SS... OK
--- 刷新 12:27:24 ---
Fetch: 000880.SZ... OK
Fetch: 000001.SS... OK
--- 刷新 12:27:39 ---
Fetch: 000880.SZ... OK
Fetch: 000001.SS... OK
--- 刷新 12:27:55 ---
Fetch: 000880.SZ... OK
Fetch: 000001.SS... OK
--- 刷新 12:28:11 ---
Fetch: 000880.SZ... OK
Fetch: 000001.SS... OK
--- 刷新 12:28:27 ---
Fetch: 000880.SZ... OK
Fetch: 000001.SS... OK
--- 刷新 12:28:42 ---
Fetch: 000880.SZ... OK
Fetch: 000001.SS... OK
--- 刷新 12:28:58 ---
Fetch: 000880.SZ... OK
Fetch: 000001.SS... OK
--- 刷新 12:29:14 ---
Fetch: 000880.SZ... OK
Fetch: 000001.SS... OK
--- 刷新 12:29:29 ---
Fetch: 000880.SZ... OK
Fetch: 000001.SS... OK
--- 刷新 12:29:45 ---
Fetch: 000880.SZ... OK
Fetch: 000001.SS... OK
--- 刷新 12:30:01 ---
Fetch: 000880.SZ... OK
Fetch: 000001.SS... OK
--- 刷新 12:30:17 ---
Fetch: 000880.SZ... OK
Fetch: 000001.SS... OK
--- 刷新 12:30:32 ---
Fetch: 000880.SZ... OK
Fetch: 000001.SS... OK
--- 刷新 12:30:48 ---
Fetch: 000880.SZ... OK
Fetch: 000001.SS... OK
--- 刷新 12:31:04 ---
Fetch: 000880.SZ... OK
Fetch: 000001.SS... OK
--- 刷新 12:31:20 ---
Fetch: 000880.SZ... OK
Fetch: 000001.SS... OK
--- 刷新 12:31:35 ---
Fetch: 000880.SZ... OK
Fetch: 000001.SS... OK
--- 刷新 12:31:51 ---
Fetch: 000880.SZ... OK
Fetch: 000001.SS... OK
--- 刷新 12:32:07 ---
Fetch: 000880.SZ... OK
Fetch: 000001.SS... OK
--- 刷新 12:32:22 ---
Fetch: 000880.SZ... OK
Fetch: 000001.SS... OK
--- 刷新 12:32:39 ---
Fetch: 000880.SZ... OK
Fetch: 000001.SS... OK
--- 刷新 12:32:54 ---
Fetch: 000880.SZ... OK
Fetch: 000001.SS... OK
--- 刷新 12:33:10 ---
Fetch: 000880.SZ... OK
Fetch: 000001.SS... OK
--- 刷新 12:33:26 ---
Fetch: 000880.SZ... OK
Fetch: 000001.SS... OK
--- 刷新 12:33:41 ---
Fetch: 000880.SZ... OK
Fetch: 000001.SS... OK
--- 刷新 12:33:57 ---
Fetch: 000880.SZ... OK
Fetch: 000001.SS... OK
--- 刷新 12:34:13 ---
Fetch: 000880.SZ... OK
Fetch: 000001.SS... OK
--- 刷新 12:34:29 ---
Fetch: 000880.SZ... OK
Fetch: 000001.SS... OK
--- 刷新 12:34:44 ---
Fetch: 000880.SZ... OK
Fetch: 000001.SS... OK
--- 刷新 12:35:00 ---
Fetch: 000880.SZ... OK
Fetch: 000001.SS... OK
--- 刷新 12:35:16 ---
Fetch: 000880.SZ... OK
Fetch: 000001.SS... OK
--- 刷新 12:35:32 ---
Fetch: 000880.SZ... OK
Fetch: 000001.SS... OK
--- 刷新 12:35:47 ---
Fetch: 000880.SZ... OK
Fetch: 000001.SS... OK
--- 刷新 12:36:03 ---
Fetch: 000880.SZ... OK
Fetch: 000001.SS... OK
--- 刷新 12:36:19 ---
Fetch: 000880.SZ... OK
Fetch: 000001.SS... OK
--- 刷新 12:36:35 ---
Fetch: 000880.SZ... OK
Fetch: 000001.SS... OK
--- 刷新 12:36:50 ---
Fetch: 000880.SZ... OK
Fetch: 000001.SS... OK
--- 刷新 12:37:06 ---
Fetch: 000880.SZ... OK
Fetch: 000001.SS... OK
--- 刷新 12:37:22 ---
Fetch: 000880.SZ... OK
Fetch: 000001.SS... OK
--- 刷新 12:37:38 ---
Fetch: 000880.SZ... OK
Fetch: 000001.SS... OK
--- 刷新 12:37:53 ---
Fetch: 000880.SZ... OK
Fetch: 000001.SS... OK
--- 刷新 12:38:27 ---
Fetch: 000880.SZ... OK
Fetch: 000001.SS... OK
--- 刷新 12:38:50 ---
Fetch: 000880.SZ... OK
Fetch: 000001.SS... OK
--- 刷新 12:39:06 ---
Fetch: 000880.SZ... OK
Fetch: 000001.SS... OK
--- 刷新 12:39:22 ---
Fetch: 000880.SZ... OK
Fetch: 000001.SS... OK
--- 刷新 12:39:37 ---
Fetch: 000880.SZ... OK
Fetch: 000001.SS... OK
--- 刷新 12:39:53 ---
Fetch: 000880.SZ... OK
Fetch: 000001.SS... OK
--- 刷新 12:40:09 ---
Fetch: 000880.SZ... OK
Fetch: 000001.SS... OK
--- 刷新 12:40:25 ---
Fetch: 000880.SZ... OK
Fetch: 000001.SS... OK
--- 刷新 12:40:40 ---
Fetch: 000880.SZ... OK
Fetch: 000001.SS... OK
--- 刷新 12:40:56 ---
Fetch: 000880.SZ... OK
Fetch: 000001.SS... OK
--- 刷新 12:41:12 ---
Fetch: 000880.SZ... OK
Fetch: 000001.SS... OK
--- 刷新 12:41:28 ---
Fetch: 000880.SZ... OK
Fetch: 000001.SS... OK
--- 刷新 12:41:43 ---
Fetch: 000880.SZ... OK
Fetch: 000001.SS... OK
--- 刷新 12:42:00 ---
Fetch: 000880.SZ... OK
Fetch: 000001.SS... OK
--- 刷新 12:42:15 ---
Fetch: 000880.SZ... OK
Fetch: 000001.SS... OK
--- 刷新 12:42:31 ---
Fetch: 000880.SZ... OK
Fetch: 000001.SS... OK
--- 刷新 12:42:47 ---
Fetch: 000880.SZ... OK
Fetch: 000001.SS... OK
--- 刷新 12:43:03 ---
Fetch: 000880.SZ... OK
Fetch: 000001.SS... OK
--- 刷新 12:43:18 ---
Fetch: 000880.SZ... OK
Fetch: 000001.SS... OK
--- 刷新 12:43:34 ---
Fetch: 000880.SZ... OK
Fetch: 000001.SS... OK
--- 刷新 12:43:50 ---
Fetch: 000880.SZ... OK
Fetch: 000001.SS... OK
--- 刷新 12:44:05 ---
Fetch: 000880.SZ... OK
Fetch: 000001.SS... OK
--- 刷新 12:44:21 ---
Fetch: 000880.SZ... OK
Fetch: 000001.SS... OK
--- 刷新 12:44:37 ---
Fetch: 000880.SZ... OK
Fetch: 000001.SS... OK
--- 刷新 12:44:53 ---
Fetch: 000880.SZ... OK
Fetch: 000001.SS... OK
--- 刷新 12:45:08 ---
Fetch: 000880.SZ... OK
Fetch: 000001.SS... OK
--- 刷新 12:45:24 ---
Fetch: 000880.SZ... OK
Fetch: 000001.SS... OK
--- 刷新 12:45:40 ---
Fetch: 000880.SZ... OK
Fetch: 000001.SS... OK
--- 刷新 12:45:56 ---
Fetch: 000880.SZ... OK
Fetch: 000001.SS... OK
--- 刷新 12:46:11 ---
Fetch: 000880.SZ... OK
Fetch: 000001.SS... OK
--- 刷新 12:46:27 ---
Fetch: 000880.SZ... OK
Fetch: 000001.SS... OK
--- 刷新 12:46:43 ---
Fetch: 000880.SZ... OK
Fetch: 000001.SS... OK
--- 刷新 12:46:59 ---
Fetch: 000880.SZ... OK
Fetch: 000001.SS... OK
--- 刷新 12:47:14 ---
Fetch: 000880.SZ... OK
Fetch: 000001.SS... OK
--- 刷新 12:47:30 ---
Fetch: 000880.SZ... OK
Fetch: 000001.SS... OK
--- 刷新 12:47:46 ---
Fetch: 000880.SZ... OK
Fetch: 000001.SS... OK
--- 刷新 12:48:01 ---
Fetch: 000880.SZ... OK
Fetch: 000001.SS... OK
--- 刷新 12:48:18 ---
Fetch: 000880.SZ... OK
Fetch: 000001.SS... OK
--- 刷新 12:48:33 ---
Fetch: 000880.SZ... OK
Fetch: 000001.SS... OK
--- 刷新 12:48:49 ---
Fetch: 000880.SZ... OK
Fetch: 000001.SS... OK
--- 刷新 12:49:05 ---
Fetch: 000880.SZ... OK
Fetch: 000001.SS... OK
--- 刷新 12:49:21 ---
Fetch: 000880.SZ... OK
Fetch: 000001.SS... OK
--- 刷新 12:49:36 ---
Fetch: 000880.SZ... OK
Fetch: 000001.SS... OK
--- 刷新 12:49:52 ---
Fetch: 000880.SZ... OK
Fetch: 000001.SS... OK
--- 刷新 12:50:08 ---
Fetch: 000880.SZ... OK
Fetch: 000001.SS... OK
--- 刷新 12:50:24 ---
Fetch: 000880.SZ... OK
Fetch: 000001.SS... OK
--- 刷新 12:50:39 ---
Fetch: 000880.SZ... OK
Fetch: 000001.SS... OK
--- 刷新 12:50:55 ---
Fetch: 000880.SZ... OK
Fetch: 000001.SS... OK
--- 刷新 12:51:11 ---
Fetch: 000880.SZ... OK
Fetch: 000001.SS... OK
--- 刷新 12:51:26 ---
Fetch: 000880.SZ... OK
Fetch: 000001.SS... OK
--- 刷新 12:51:42 ---
Fetch: 000880.SZ... OK
Fetch: 000001.SS... OK
--- 刷新 12:51:58 ---
Fetch: 000880.SZ... OK
Fetch: 000001.SS... OK
--- 刷新 12:52:14 ---
Fetch: 000880.SZ... OK
Fetch: 000001.SS... OK
--- 刷新 12:52:29 ---
Fetch: 000880.SZ... OK
Fetch: 000001.SS... OK
--- 刷新 12:52:45 ---
Fetch: 000880.SZ... OK
Fetch: 000001.SS... OK
--- 刷新 12:53:01 ---
Fetch: 000880.SZ... OK
Fetch: 000001.SS... OK
--- 刷新 12:53:16 ---
Fetch: 000880.SZ... OK
Fetch: 000001.SS... OK
--- 刷新 12:53:47 ---
Fetch: 000880.SZ... OK
Fetch: 000001.SS... OK
--- 刷新 12:54:09 ---
Fetch: 000880.SZ... OK
Fetch: 000001.SS... OK
--- 刷新 12:54:25 ---
Fetch: 000880.SZ... OK
Fetch: 000001.SS... OK
--- 刷新 12:54:41 ---
Fetch: 000880.SZ... OK
Fetch: 000001.SS... OK
--- 刷新 12:54:57 ---
Fetch: 000880.SZ... OK
Fetch: 000001.SS... OK
--- 刷新 12:55:12 ---
Fetch: 000880.SZ... OK
Fetch: 000001.SS... OK
--- 刷新 12:55:28 ---
Fetch: 000880.SZ... OK
Fetch: 000001.SS... OK
--- 刷新 12:55:44 ---
Fetch: 000880.SZ... OK
Fetch: 000001.SS... OK
--- 刷新 12:55:59 ---
Fetch: 000880.SZ... OK
Fetch: 000001.SS... OK
--- 刷新 12:56:15 ---
Fetch: 000880.SZ... OK
Fetch: 000001.SS... OK
--- 刷新 12:56:31 ---
Fetch: 000880.SZ... OK
Fetch: 000001.SS... OK
--- 刷新 12:56:47 ---
Fetch: 000880.SZ... OK
Fetch: 000001.SS... OK
--- 刷新 12:57:02 ---
Fetch: 000880.SZ... OK
Fetch: 000001.SS... OK
--- 刷新 12:57:18 ---
Fetch: 000880.SZ... OK
Fetch: 000001.SS... OK
--- 刷新 12:57:34 ---
Fetch: 000880.SZ... OK
Fetch: 000001.SS... OK
--- 刷新 12:57:49 ---
Fetch: 000880.SZ... OK
Fetch: 000001.SS... OK
--- 刷新 12:58:05 ---
Fetch: 000880.SZ... OK
Fetch: 000001.SS... OK
--- 刷新 12:58:21 ---
Fetch: 000880.SZ... OK
Fetch: 000001.SS... OK
--- 刷新 12:58:37 ---
Fetch: 000880.SZ... OK
Fetch: 000001.SS... OK
--- 刷新 12:58:52 ---
Fetch: 000880.SZ... OK
Fetch: 000001.SS... OK
--- 刷新 12:59:08 ---
Fetch: 000880.SZ... OK
Fetch: 000001.SS... OK
--- 刷新 12:59:24 ---
Fetch: 000880.SZ... OK
Fetch: 000001.SS... OK
--- 刷新 12:59:40 ---
Fetch: 000880.SZ... OK
Fetch: 000001.SS... OK
--- 刷新 12:59:55 ---
Fetch: 000880.SZ... OK
Fetch: 000001.SS... OK
--- 刷新 13:00:11 ---
Fetch: 000880.SZ... OK
Fetch: 000001.SS... OK
--- 刷新 13:00:27 ---
Fetch: 000880.SZ... OK
Fetch: 000001.SS... OK
--- 刷新 13:00:43 ---
Fetch: 000880.SZ... OK
Fetch: 000001.SS... OK
--- 刷新 13:00:58 ---
Fetch: 000880.SZ... OK
Fetch: 000001.SS... OK
--- 刷新 13:01:14 ---
Fetch: 000880.SZ... OK
Fetch: 000001.SS... OK
--- 刷新 13:01:30 ---
Fetch: 000880.SZ... OK
Fetch: 000001.SS... OK
--- 刷新 13:01:46 ---
Fetch: 000880.SZ... OK
Fetch: 000001.SS... OK
--- 刷新 13:02:01 ---
Fetch: 000880.SZ... OK
Fetch: 000001.SS... OK
--- 刷新 13:02:17 ---
Fetch: 000880.SZ... OK
Fetch: 000001.SS... OK
--- 刷新 13:02:33 ---
Fetch: 000880.SZ... OK
Fetch: 000001.SS... OK
--- 刷新 13:02:49 ---
Fetch: 000880.SZ... OK
Fetch: 000001.SS... OK
--- 刷新 13:03:04 ---
Fetch: 000880.SZ... OK
Fetch: 000001.SS... OK
--- 刷新 13:03:20 ---
Fetch: 000880.SZ... OK
Fetch: 000001.SS... OK
--- 刷新 13:03:36 ---
Fetch: 000880.SZ... OK
Fetch: 000001.SS... OK
--- 刷新 13:03:52 ---
Fetch: 000880.SZ... OK
Fetch: 000001.SS... OK
--- 刷新 13:04:07 ---
Fetch: 000880.SZ... OK
Fetch: 000001.SS... OK
--- 刷新 13:04:23 ---
Fetch: 000880.SZ... OK
Fetch: 000001.SS... OK
--- 刷新 13:04:39 ---
Fetch: 000880.SZ... OK
Fetch: 000001.SS... OK
--- 刷新 13:04:55 ---
Fetch: 000880.SZ... OK
Fetch: 000001.SS... OK
--- 刷新 13:05:10 ---
Fetch: 000880.SZ... OK
Fetch: 000001.SS... OK
--- 刷新 13:05:26 ---
Fetch: 000880.SZ... OK
Fetch: 000001.SS... OK
--- 刷新 13:05:42 ---
Fetch: 000880.SZ... OK
Fetch: 000001.SS... OK
--- 刷新 13:05:57 ---
Fetch: 000880.SZ... OK
Fetch: 000001.SS... OK
--- 刷新 13:06:13 ---
Fetch: 000880.SZ... OK
Fetch: 000001.SS... OK
--- 刷新 13:06:29 ---
Fetch: 000880.SZ... OK
Fetch: 000001.SS... OK
--- 刷新 13:06:45 ---
Fetch: 000880.SZ... OK
Fetch: 000001.SS... OK
--- 刷新 13:07:00 ---
Fetch: 000880.SZ... OK
Fetch: 000001.SS... OK
--- 刷新 13:07:16 ---
Fetch: 000880.SZ... OK
Fetch: 000001.SS... OK
--- 刷新 13:07:32 ---
Fetch: 000880.SZ... OK
Fetch: 000001.SS... OK
--- 刷新 13:07:48 ---
Fetch: 000880.SZ... OK
Fetch: 000001.SS... OK
--- 刷新 13:08:03 ---
Fetch: 000880.SZ... OK
Fetch: 000001.SS... OK
--- 刷新 13:08:19 ---
Fetch: 000880.SZ... OK
Fetch: 000001.SS... OK
--- 刷新 13:08:35 ---
Fetch: 000880.SZ... OK
Fetch: 000001.SS... OK
--- 刷新 13:09:05 ---
Fetch: 000880.SZ... OK
Fetch: 000001.SS... OK
--- 刷新 13:09:24 ---
Fetch: 000880.SZ... OK
Fetch: 000001.SS... OK
--- 刷新 13:09:40 ---
Fetch: 000880.SZ... OK
Fetch: 000001.SS... OK
--- 刷新 13:09:56 ---
Fetch: 000880.SZ... OK
Fetch: 000001.SS... OK
--- 刷新 13:10:11 ---
Fetch: 000880.SZ... OK
Fetch: 000001.SS... OK
--- 刷新 13:10:27 ---
Fetch: 000880.SZ... OK
Fetch: 000001.SS... OK
--- 刷新 13:10:43 ---
Fetch: 000880.SZ... OK
Fetch: 000001.SS... OK
--- 刷新 13:10:59 ---
Fetch: 000880.SZ... OK
Fetch: 000001.SS... OK
--- 刷新 13:11:14 ---
Fetch: 000880.SZ... OK
Fetch: 000001.SS... OK
--- 刷新 13:11:30 ---
Fetch: 000880.SZ... OK
Fetch: 000001.SS... OK
--- 刷新 13:11:46 ---
Fetch: 000880.SZ... OK
Fetch: 000001.SS... OK
--- 刷新 13:12:02 ---
Fetch: 000880.SZ... OK
Fetch: 000001.SS... OK
--- 刷新 13:12:17 ---
Fetch: 000880.SZ... OK
Fetch: 000001.SS... OK
--- 刷新 13:12:33 ---
Fetch: 000880.SZ... OK
Fetch: 000001.SS... OK
--- 刷新 13:12:49 ---
Fetch: 000880.SZ... OK
Fetch: 000001.SS... OK
--- 刷新 13:13:04 ---
Fetch: 000880.SZ... OK
Fetch: 000001.SS... OK
--- 刷新 13:13:20 ---
Fetch: 000880.SZ... OK
Fetch: 000001.SS... OK
--- 刷新 13:13:36 ---
Fetch: 000880.SZ... OK
Fetch: 000001.SS... OK
--- 刷新 13:13:52 ---
Fetch: 000880.SZ... OK
Fetch: 000001.SS... OK
--- 刷新 13:14:08 ---
Fetch: 000880.SZ... OK
Fetch: 000001.SS... OK
--- 刷新 13:14:24 ---
Fetch: 000880.SZ... OK
Fetch: 000001.SS... OK
--- 刷新 13:14:39 ---
Fetch: 000880.SZ... OK
Fetch: 000001.SS... OK
--- 刷新 13:14:55 ---
Fetch: 000880.SZ... OK
Fetch: 000001.SS... OK
--- 刷新 13:15:11 ---
Fetch: 000880.SZ... OK
Fetch: 000001.SS... OK
--- 刷新 13:15:27 ---
Fetch: 000880.SZ... OK
Fetch: 000001.SS... OK
--- 刷新 13:15:42 ---
Fetch: 000880.SZ... OK
Fetch: 000001.SS... OK
--- 刷新 13:15:58 ---
Fetch: 000880.SZ... OK
Fetch: 000001.SS... OK
--- 刷新 13:16:14 ---
Fetch: 000880.SZ... OK
Fetch: 000001.SS... OK
--- 刷新 13:16:30 ---
Fetch: 000880.SZ... OK
Fetch: 000001.SS... OK
--- 刷新 13:16:45 ---
Fetch: 000880.SZ... OK
Fetch: 000001.SS... OK
--- 刷新 13:17:01 ---
Fetch: 000880.SZ... OK
Fetch: 000001.SS... OK
--- 刷新 13:17:17 ---
Fetch: 000880.SZ... OK
Fetch: 000001.SS... OK
--- 刷新 13:17:32 ---
Fetch: 000880.SZ... OK
Fetch: 000001.SS... OK
--- 刷新 13:17:48 ---
Fetch: 000880.SZ... OK
Fetch: 000001.SS... OK
--- 刷新 13:18:04 ---
Fetch: 000880.SZ... OK
Fetch: 000001.SS... OK
--- 刷新 13:18:19 ---
Fetch: 000880.SZ... OK
Fetch: 000001.SS... OK
--- 刷新 13:18:35 ---
Fetch: 000880.SZ... OK
Fetch: 000001.SS... OK
--- 刷新 13:18:51 ---
Fetch: 000880.SZ... OK
Fetch: 000001.SS... OK
--- 刷新 13:19:07 ---
Fetch: 000880.SZ... OK
Fetch: 000001.SS... OK
--- 刷新 13:19:22 ---
Fetch: 000880.SZ... OK
Fetch: 000001.SS... OK
--- 刷新 13:19:38 ---
Fetch: 000880.SZ... OK
Fetch: 000001.SS... OK
--- 刷新 13:19:54 ---
Fetch: 000880.SZ... OK
Fetch: 000001.SS... OK
--- 刷新 13:20:09 ---
Fetch: 000880.SZ... OK
Fetch: 000001.SS... OK
--- 刷新 13:20:25 ---
Fetch: 000880.SZ... OK
Fetch: 000001.SS... OK
--- 刷新 13:20:41 ---
Fetch: 000880.SZ... OK
Fetch: 000001.SS... OK
--- 刷新 13:20:57 ---
Fetch: 000880.SZ... OK
Fetch: 000001.SS... OK
--- 刷新 13:21:12 ---
Fetch: 000880.SZ... OK
Fetch: 000001.SS... OK
--- 刷新 13:21:28 ---
Fetch: 000880.SZ... OK
Fetch: 000001.SS... OK
--- 刷新 13:21:44 ---
Fetch: 000880.SZ... OK
Fetch: 000001.SS... OK
--- 刷新 13:22:00 ---
Fetch: 000880.SZ... OK
Fetch: 000001.SS... OK
--- 刷新 13:22:15 ---
Fetch: 000880.SZ... OK
Fetch: 000001.SS... OK
--- 刷新 13:22:31 ---
Fetch: 000880.SZ... OK
Fetch: 000001.SS... OK
--- 刷新 13:22:47 ---
Fetch: 000880.SZ... OK
Fetch: 000001.SS... OK
--- 刷新 13:23:02 ---
Fetch: 000880.SZ... OK
Fetch: 000001.SS... OK
--- 刷新 13:23:18 ---
Fetch: 000880.SZ... OK
Fetch: 000001.SS... OK
--- 刷新 13:23:34 ---
Fetch: 000880.SZ... OK
Fetch: 000001.SS... OK
--- 刷新 13:23:50 ---
Fetch: 000880.SZ... OK
Fetch: 000001.SS... OK
--- 刷新 13:24:05 ---
Fetch: 000880.SZ... OK
Fetch: 000001.SS... $000001.SS: possibly delisted; no price data found  (period=5d)
空数据
--- 刷新 13:24:46 ---
Fetch: 000880.SZ... $000880.SZ: possibly delisted; no price data found  (period=5d)
空数据
Fetch: 000001.SS... $000001.SS: possibly delisted; no price data found  (period=5d)
空数据
--- 刷新 13:25:21 ---
Fetch: 000880.SZ... $000880.SZ: possibly delisted; no price data found  (period=5d)
空数据
Fetch: 000001.SS... $000001.SS: possibly delisted; no price data found  (period=5d)
空数据
--- 刷新 13:25:56 ---
Fetch: 000880.SZ... $000880.SZ: possibly delisted; no price data found  (period=5d)
空数据
Fetch: 000001.SS... $000001.SS: possibly delisted; no price data found  (period=5d)
空数据
--- 刷新 13:26:31 ---
Fetch: 000880.SZ... $000880.SZ: possibly delisted; no price data found  (period=5d)
空数据
Fetch: 000001.SS... $000001.SS: possibly delisted; no price data found  (period=5d)
空数据
--- 刷新 13:27:06 ---
Fetch: 000880.SZ... $000880.SZ: possibly delisted; no price data found  (period=5d)
空数据
Fetch: 000001.SS... $000001.SS: possibly delisted; no price data found  (period=5d)
空数据
--- 刷新 13:27:41 ---
Fetch: 000880.SZ... $000880.SZ: possibly delisted; no price data found  (period=5d)
空数据
Fetch: 000001.SS... $000001.SS: possibly delisted; no price data found  (period=5d)
空数据
--- 刷新 13:28:16 ---
Fetch: 000880.SZ... $000880.SZ: possibly delisted; no price data found  (period=5d)
空数据
Fetch: 000001.SS... $000001.SS: possibly delisted; no price data found  (period=5d)
空数据
--- 刷新 13:28:51 ---
Fetch: 000880.SZ... $000880.SZ: possibly delisted; no price data found  (period=5d)
空数据
Fetch: 000001.SS... $000001.SS: possibly delisted; no price data found  (period=5d)
空数据
--- 刷新 13:29:26 ---
Fetch: 000880.SZ... $000880.SZ: possibly delisted; no price data found  (period=5d)
空数据
Fetch: 000001.SS... $000001.SS: possibly delisted; no price data found  (period=5d)
空数据
--- 刷新 13:30:01 ---
Fetch: 000880.SZ... $000880.SZ: possibly delisted; no price data found  (period=5d)
空数据
Fetch: 000001.SS... $000001.SS: possibly delisted; no price data found  (period=5d)
空数据
--- 刷新 13:30:36 ---
Fetch: 000880.SZ... $000880.SZ: possibly delisted; no price data found  (period=5d)
空数据
Fetch: 000001.SS... $000001.SS: possibly delisted; no price data found  (period=5d)
空数据
--- 刷新 13:31:11 ---
Fetch: 000880.SZ... $000880.SZ: possibly delisted; no price data found  (period=5d)
空数据
Fetch: 000001.SS... $000001.SS: possibly delisted; no price data found  (period=5d)
空数据
--- 刷新 13:31:46 ---
Fetch: 000880.SZ... $000880.SZ: possibly delisted; no price data found  (period=5d)
空数据
Fetch: 000001.SS... $000001.SS: possibly delisted; no price data found  (period=5d)
空数据
--- 刷新 13:32:21 ---
Fetch: 000880.SZ... $000880.SZ: possibly delisted; no price data found  (period=5d)
空数据
Fetch: 000001.SS... $000001.SS: possibly delisted; no price data found  (period=5d)
空数据
--- 刷新 13:32:56 ---
Fetch: 000880.SZ... $000880.SZ: possibly delisted; no price data found  (period=5d)
空数据
Fetch: 000001.SS... $000001.SS: possibly delisted; no price data found  (period=5d)
空数据
--- 刷新 13:33:31 ---
Fetch: 000880.SZ... $000880.SZ: possibly delisted; no price data found  (period=5d)
空数据
Fetch: 000001.SS... $000001.SS: possibly delisted; no price data found  (period=5d)
空数据
--- 刷新 13:34:06 ---
Fetch: 000880.SZ... $000880.SZ: possibly delisted; no price data found  (period=5d)
空数据
Fetch: 000001.SS... $000001.SS: possibly delisted; no price data found  (period=5d)
空数据
--- 刷新 13:34:41 ---
Fetch: 000880.SZ... $000880.SZ: possibly delisted; no price data found  (period=5d)
空数据
Fetch: 000001.SS... $000001.SS: possibly delisted; no price data found  (period=5d)
空数据
--- 刷新 13:35:16 ---
Fetch: 000880.SZ... $000880.SZ: possibly delisted; no price data found  (period=5d)
空数据
Fetch: 000001.SS... $000001.SS: possibly delisted; no price data found  (period=5d)
空数据
--- 刷新 13:35:51 ---
Fetch: 000880.SZ... $000880.SZ: possibly delisted; no price data found  (period=5d)
空数据
Fetch: 000001.SS... $000001.SS: possibly delisted; no price data found  (period=5d)
空数据
--- 刷新 13:36:26 ---
Fetch: 000880.SZ... $000880.SZ: possibly delisted; no price data found  (period=5d)
空数据
Fetch: 000001.SS... $000001.SS: possibly delisted; no price data found  (period=5d)
空数据
--- 刷新 13:37:01 ---
Fetch: 000880.SZ... $000880.SZ: possibly delisted; no price data found  (period=5d)
空数据
Fetch: 000001.SS... $000001.SS: possibly delisted; no price data found  (period=5d)
空数据
--- 刷新 13:37:36 ---
Fetch: 000880.SZ... $000880.SZ: possibly delisted; no price data found  (period=5d)
空数据
Fetch: 000001.SS... $000001.SS: possibly delisted; no price data found  (period=5d)
空数据
--- 刷新 13:38:11 ---
Fetch: 000880.SZ... $000880.SZ: possibly delisted; no price data found  (period=5d)
空数据
Fetch: 000001.SS... $000001.SS: possibly delisted; no price data found  (period=5d)
空数据
--- 刷新 13:38:46 ---
Fetch: 000880.SZ... $000880.SZ: possibly delisted; no price data found  (period=5d)
空数据
Fetch: 000001.SS... $000001.SS: possibly delisted; no price data found  (period=5d)
空数据
--- 刷新 13:39:21 ---
Fetch: 000880.SZ... $000880.SZ: possibly delisted; no price data found  (period=5d)
空数据
Fetch: 000001.SS... $000001.SS: possibly delisted; no price data found  (period=5d)
空数据
--- 刷新 13:39:56 ---
Fetch: 000880.SZ... $000880.SZ: possibly delisted; no price data found  (period=5d)
空数据
Fetch: 000001.SS... $000001.SS: possibly delisted; no price data found  (period=5d)
空数据
--- 刷新 13:40:31 ---
Fetch: 000880.SZ... OK
Fetch: 000001.SS... OK
--- 刷新 13:40:47 ---
Fetch: 000880.SZ... OK
Fetch: 000001.SS... OK
--- 刷新 13:41:03 ---
Fetch: 000880.SZ... OK
Fetch: 000001.SS... OK
--- 刷新 13:41:19 ---
Fetch: 000880.SZ... OK
Fetch: 000001.SS... OK
--- 刷新 13:41:34 ---
Fetch: 000880.SZ... OK
Fetch: 000001.SS... OK
--- 刷新 13:41:50 ---
Fetch: 000880.SZ... OK
Fetch: 000001.SS... OK
--- 刷新 13:42:06 ---
Fetch: 000880.SZ... OK
Fetch: 000001.SS... OK
--- 刷新 13:42:22 ---
Fetch: 000880.SZ... OK
Fetch: 000001.SS... OK
--- 刷新 13:42:37 ---
Fetch: 000880.SZ... OK
Fetch: 000001.SS... OK
--- 刷新 13:42:53 ---
Fetch: 000880.SZ... OK
Fetch: 000001.SS... OK
--- 刷新 13:43:09 ---
Fetch: 000880.SZ... OK
Fetch: 000001.SS... OK
--- 刷新 13:43:25 ---
Fetch: 000880.SZ... OK
Fetch: 000001.SS... OK
--- 刷新 13:43:41 ---
Fetch: 000880.SZ... OK
Fetch: 000001.SS... OK
--- 刷新 13:43:56 ---
Fetch: 000880.SZ... OK
Fetch: 000001.SS... OK
--- 刷新 13:44:12 ---
Fetch: 000880.SZ... OK
Fetch: 000001.SS... OK
--- 刷新 13:44:28 ---
Fetch: 000880.SZ... OK
Fetch: 000001.SS... OK
--- 刷新 13:44:44 ---
Fetch: 000880.SZ... OK
Fetch: 000001.SS... OK
--- 刷新 13:44:59 ---
Fetch: 000880.SZ... OK
Fetch: 000001.SS... OK
--- 刷新 13:45:15 ---
Fetch: 000880.SZ... OK
Fetch: 000001.SS... OK
--- 刷新 13:45:31 ---
Fetch: 000880.SZ... OK
Fetch: 000001.SS... OK
--- 刷新 13:45:47 ---
Fetch: 000880.SZ... OK
Fetch: 000001.SS... OK
--- 刷新 13:46:03 ---
Fetch: 000880.SZ... OK
Fetch: 000001.SS... OK
--- 刷新 13:46:19 ---
Fetch: 000880.SZ... OK
Fetch: 000001.SS... OK
--- 刷新 13:46:34 ---
Fetch: 000880.SZ... OK
Fetch: 000001.SS... OK
--- 刷新 13:46:50 ---
Fetch: 000880.SZ... OK
Fetch: 000001.SS... OK
--- 刷新 13:47:06 ---
Fetch: 000880.SZ... OK
Fetch: 000001.SS... OK
--- 刷新 13:47:22 ---
Fetch: 000880.SZ... OK
Fetch: 000001.SS... OK
--- 刷新 13:47:37 ---
Fetch: 000880.SZ... OK
Fetch: 000001.SS... OK
--- 刷新 13:47:53 ---
Fetch: 000880.SZ... OK
Fetch: 000001.SS... OK
--- 刷新 13:48:09 ---
Fetch: 000880.SZ... OK
Fetch: 000001.SS... OK
--- 刷新 13:48:24 ---
Fetch: 000880.SZ... OK
Fetch: 000001.SS... OK
--- 刷新 13:48:40 ---
Fetch: 000880.SZ... OK
Fetch: 000001.SS... OK
--- 刷新 13:48:56 ---
Fetch: 000880.SZ... OK
Fetch: 000001.SS... OK
--- 刷新 13:49:12 ---
Fetch: 000880.SZ... OK
Fetch: 000001.SS... OK
--- 刷新 13:49:28 ---
Fetch: 000880.SZ... OK
Fetch: 000001.SS... OK
--- 刷新 13:53:22 ---
Fetch: 000880.SZ... OK
Fetch: 000001.SS... OK
--- 刷新 13:53:38 ---
Fetch: 000880.SZ... OK
Fetch: 000001.SS... OK
--- 刷新 13:53:53 ---
Fetch: 000880.SZ... OK
Fetch: 000001.SS... OK
--- 刷新 13:54:09 ---
Fetch: 000880.SZ... OK
Fetch: 000001.SS... OK
--- 刷新 13:54:24 ---
Fetch: 000880.SZ... OK
Fetch: 000001.SS... OK
--- 刷新 13:54:40 ---
Fetch: 000880.SZ... OK
Fetch: 000001.SS... OK
--- 刷新 13:54:56 ---
Fetch: 000880.SZ... OK
Fetch: 000001.SS... OK
--- 刷新 13:55:11 ---
Fetch: 000880.SZ... OK
Fetch: 000001.SS... OK
--- 刷新 13:55:27 ---
Fetch: 000880.SZ... OK
Fetch: 000001.SS... OK
--- 刷新 13:55:43 ---
Fetch: 000880.SZ... OK
Fetch: 000001.SS... OK
--- 刷新 13:55:58 ---
Fetch: 000880.SZ... OK
Fetch: 000001.SS... OK
--- 刷新 13:56:14 ---
Fetch: 000880.SZ... OK
Fetch: 000001.SS... OK
--- 刷新 13:56:29 ---
Fetch: 000880.SZ... OK
Fetch: 000001.SS... OK
--- 刷新 13:56:45 ---
Fetch: 000880.SZ... OK
Fetch: 000001.SS... OK
--- 刷新 13:57:00 ---
Fetch: 000880.SZ... OK
Fetch: 000001.SS... OK
--- 刷新 13:57:16 ---
Fetch: 000880.SZ... OK
Fetch: 000001.SS... OK
--- 刷新 13:57:31 ---
Fetch: 000880.SZ... OK
Fetch: 000001.SS... OK
--- 刷新 13:57:47 ---
Fetch: 000880.SZ... OK
Fetch: 000001.SS... OK
--- 刷新 13:58:02 ---
Fetch: 000880.SZ... OK
Fetch: 000001.SS... OK
--- 刷新 13:58:18 ---
Fetch: 000880.SZ... OK
Fetch: 000001.SS... OK
--- 刷新 13:58:33 ---
Fetch: 000880.SZ... OK
Fetch: 000001.SS... OK
--- 刷新 13:58:49 ---
Fetch: 000880.SZ... OK
Fetch: 000001.SS... OK
--- 刷新 13:59:04 ---
Fetch: 000880.SZ... OK
Fetch: 000001.SS... OK
--- 刷新 13:59:20 ---
Fetch: 000880.SZ... OK
Fetch: 000001.SS... OK
--- 刷新 13:59:36 ---
Fetch: 000880.SZ... OK
Fetch: 000001.SS... OK
--- 刷新 13:59:51 ---
Fetch: 000880.SZ... OK
Fetch: 000001.SS... OK
--- 刷新 14:00:07 ---
Fetch: 000880.SZ... OK
Fetch: 000001.SS... OK
--- 刷新 14:00:22 ---
Fetch: 000880.SZ... OK
Fetch: 000001.SS... OK
--- 刷新 14:00:38 ---
Fetch: 000880.SZ... OK
Fetch: 000001.SS... OK
--- 刷新 14:00:53 ---
Fetch: 000880.SZ... OK
Fetch: 000001.SS... OK
--- 刷新 14:01:09 ---
Fetch: 000880.SZ... OK
Fetch: 000001.SS... OK
--- 刷新 14:01:24 ---
Fetch: 000880.SZ... OK
Fetch: 000001.SS... OK
--- 刷新 14:01:40 ---
Fetch: 000880.SZ... OK
Fetch: 000001.SS... OK
--- 刷新 14:01:55 ---
Fetch: 000880.SZ... OK
Fetch: 000001.SS... OK
--- 刷新 14:02:11 ---
Fetch: 000880.SZ... OK
Fetch: 000001.SS... OK
--- 刷新 14:02:26 ---
Fetch: 000880.SZ... OK
Fetch: 000001.SS... OK
--- 刷新 14:02:42 ---
Fetch: 000880.SZ... OK
Fetch: 000001.SS... OK
--- 刷新 14:02:57 ---
Fetch: 000880.SZ... OK
Fetch: 000001.SS... OK
--- 刷新 14:03:13 ---
Fetch: 000880.SZ... OK
Fetch: 000001.SS... OK
--- 刷新 14:03:28 ---
Fetch: 000880.SZ... OK
Fetch: 000001.SS... OK
--- 刷新 14:03:44 ---
Fetch: 000880.SZ... OK
Fetch: 000001.SS... OK
--- 刷新 14:03:59 ---
Fetch: 000880.SZ... OK
Fetch: 000001.SS... OK
--- 刷新 14:04:15 ---
Fetch: 000880.SZ... OK
Fetch: 000001.SS... OK
--- 刷新 14:04:30 ---
Fetch: 000880.SZ... OK
Fetch: 000001.SS... OK
--- 刷新 14:04:46 ---
Fetch: 000880.SZ... OK
Fetch: 000001.SS... OK
--- 刷新 14:05:01 ---
Fetch: 000880.SZ... OK
Fetch: 000001.SS... OK
--- 刷新 14:05:17 ---
Fetch: 000880.SZ... OK
Fetch: 000001.SS... OK
--- 刷新 14:05:32 ---
Fetch: 000880.SZ... OK
Fetch: 000001.SS... OK
--- 刷新 14:05:48 ---
Fetch: 000880.SZ... OK
Fetch: 000001.SS... OK
--- 刷新 14:06:03 ---
Fetch: 000880.SZ... OK
Fetch: 000001.SS... OK
--- 刷新 14:06:19 ---
Fetch: 000880.SZ... OK
Fetch: 000001.SS... OK
--- 刷新 14:06:34 ---
Fetch: 000880.SZ... OK
Fetch: 000001.SS... OK
--- 刷新 14:06:50 ---
Fetch: 000880.SZ... OK
Fetch: 000001.SS... OK
--- 刷新 14:07:05 ---
Fetch: 000880.SZ... OK
Fetch: 000001.SS... OK
--- 刷新 14:07:21 ---
Fetch: 000880.SZ... OK
Fetch: 000001.SS... OK
--- 刷新 14:07:36 ---
Fetch: 000880.SZ... OK
Fetch: 000001.SS... OK
--- 刷新 14:07:52 ---
Fetch: 000880.SZ... OK
Fetch: 000001.SS... OK
--- 刷新 14:08:07 ---
Fetch: 000880.SZ... OK
Fetch: 000001.SS... OK
--- 刷新 14:08:23 ---
Fetch: 000880.SZ... OK
Fetch: 000001.SS... OK
--- 刷新 14:08:38 ---
Fetch: 000880.SZ... OK
Fetch: 000001.SS... OK
--- 刷新 14:08:54 ---
Fetch: 000880.SZ... OK
Fetch: 000001.SS... OK
--- 刷新 14:09:09 ---
Fetch: 000880.SZ... OK
Fetch: 000001.SS... OK
--- 刷新 14:09:25 ---
Fetch: 000880.SZ... OK
Fetch: 000001.SS... OK
--- 刷新 14:09:40 ---
Fetch: 000880.SZ... OK
Fetch: 000001.SS... OK
--- 刷新 14:09:56 ---
Fetch: 000880.SZ... OK
Fetch: 000001.SS... OK
--- 刷新 14:10:12 ---
Fetch: 000880.SZ... OK
Fetch: 000001.SS... OK
--- 刷新 14:10:27 ---
Fetch: 000880.SZ... OK
Fetch: 000001.SS... OK
--- 刷新 14:10:43 ---
Fetch: 000880.SZ... OK
Fetch: 000001.SS... OK
--- 刷新 14:10:58 ---
Fetch: 000880.SZ... OK
Fetch: 000001.SS... OK
--- 刷新 14:11:14 ---
Fetch: 000880.SZ... OK
Fetch: 000001.SS... OK
--- 刷新 14:11:29 ---
Fetch: 000880.SZ... OK
Fetch: 000001.SS... OK
--- 刷新 14:11:45 ---
Fetch: 000880.SZ... OK
Fetch: 000001.SS... OK
--- 刷新 14:12:00 ---
Fetch: 000880.SZ... OK
Fetch: 000001.SS... OK
--- 刷新 14:12:16 ---
Fetch: 000880.SZ... OK
Fetch: 000001.SS... OK
--- 刷新 14:12:31 ---
Fetch: 000880.SZ... OK
Fetch: 000001.SS... OK
--- 刷新 14:12:47 ---
Fetch: 000880.SZ... OK
Fetch: 000001.SS... OK
--- 刷新 14:13:02 ---
Fetch: 000880.SZ... OK
Fetch: 000001.SS... OK
--- 刷新 14:13:18 ---
Fetch: 000880.SZ... OK
Fetch: 000001.SS... OK
--- 刷新 14:13:33 ---
Fetch: 000880.SZ... OK
Fetch: 000001.SS... OK
--- 刷新 14:13:49 ---
Fetch: 000880.SZ... OK
Fetch: 000001.SS... OK
--- 刷新 14:14:05 ---
Fetch: 000880.SZ... OK
Fetch: 000001.SS... OK
--- 刷新 14:14:20 ---
Fetch: 000880.SZ... OK
Fetch: 000001.SS... OK
--- 刷新 14:14:36 ---
Fetch: 000880.SZ... OK
Fetch: 000001.SS... OK
--- 刷新 14:14:51 ---
Fetch: 000880.SZ... OK
Fetch: 000001.SS... OK
--- 刷新 14:15:07 ---
Fetch: 000880.SZ... OK
Fetch: 000001.SS... OK
--- 刷新 14:15:22 ---
Fetch: 000880.SZ... OK
Fetch: 000001.SS... OK
--- 刷新 14:15:38 ---
Fetch: 000880.SZ... OK
Fetch: 000001.SS... OK
--- 刷新 14:15:53 ---
Fetch: 000880.SZ... OK
Fetch: 000001.SS... OK
--- 刷新 14:16:09 ---
Fetch: 000880.SZ... OK
Fetch: 000001.SS... OK
--- 刷新 14:16:24 ---
Fetch: 000880.SZ... OK
Fetch: 000001.SS... OK
--- 刷新 14:16:40 ---
Fetch: 000880.SZ... OK
Fetch: 000001.SS... OK
--- 刷新 14:16:55 ---
Fetch: 000880.SZ... OK
Fetch: 000001.SS... OK
--- 刷新 14:17:11 ---
Fetch: 000880.SZ... OK
Fetch: 000001.SS... OK
--- 刷新 14:17:26 ---
Fetch: 000880.SZ... OK
Fetch: 000001.SS... OK
--- 刷新 14:17:42 ---
Fetch: 000880.SZ... OK
Fetch: 000001.SS... OK
--- 刷新 14:18:18 ---
Fetch: 000880.SZ... OK
Fetch: 000001.SS... Traceback (most recent call last):
  File "/home/my/application/stock/main.py", line 243, in enforce_top_level
    def enforce_top_level(self):

KeyboardInterrupt
--- 刷新 14:18:32 ---
Fetch: 000880.SZ... OK
Fetch: 000001.SS... OK
--- 刷新 14:18:49 ---
Fetch: 000880.SZ... OK
Fetch: 000001.SS... OK
--- 刷新 14:19:04 ---
Fetch: 000880.SZ... OK
Fetch: 000001.SS... OK
--- 刷新 14:19:20 ---
Fetch: 000880.SZ... OK
Fetch: 000001.SS... OK
--- 刷新 14:19:35 ---
Fetch: 000880.SZ... OK
Fetch: 000001.SS... OK
--- 刷新 14:19:51 ---
Fetch: 000880.SZ... OK
Fetch: 000001.SS... OK
--- 刷新 14:20:06 ---
Fetch: 000880.SZ... OK
Fetch: 000001.SS... OK
--- 刷新 14:20:22 ---
Fetch: 000880.SZ... OK
Fetch: 000001.SS... OK
--- 刷新 14:20:37 ---
Fetch: 000880.SZ... OK
Fetch: 000001.SS... OK
--- 刷新 14:20:53 ---
Fetch: 000880.SZ... OK
Fetch: 000001.SS... OK
--- 刷新 14:21:08 ---
Fetch: 000880.SZ... OK
Fetch: 000001.SS... OK
--- 刷新 14:21:24 ---
Fetch: 000880.SZ... OK
Fetch: 000001.SS... OK
--- 刷新 14:21:39 ---
Fetch: 000880.SZ... OK
Fetch: 000001.SS... OK
--- 刷新 14:21:55 ---
Fetch: 000880.SZ... OK
Fetch: 000001.SS... OK
--- 刷新 14:22:10 ---
Fetch: 000880.SZ... OK
Fetch: 000001.SS... OK
--- 刷新 14:22:26 ---
Fetch: 000880.SZ... OK
Fetch: 000001.SS... OK
--- 刷新 14:22:41 ---
Fetch: 000880.SZ... OK
Fetch: 000001.SS... OK
--- 刷新 14:22:57 ---
Fetch: 000880.SZ... OK
Fetch: 000001.SS... OK
--- 刷新 14:23:12 ---
Fetch: 000880.SZ... OK
Fetch: 000001.SS... OK
--- 刷新 14:23:28 ---
Fetch: 000880.SZ... OK
Fetch: 000001.SS... OK
--- 刷新 14:23:43 ---
Fetch: 000880.SZ... OK
Fetch: 000001.SS... OK
--- 刷新 14:23:59 ---
Fetch: 000880.SZ... OK
Fetch: 000001.SS... OK
--- 刷新 14:24:15 ---
Fetch: 000880.SZ... OK
Fetch: 000001.SS... OK
--- 刷新 14:24:30 ---
Fetch: 000880.SZ... OK
Fetch: 000001.SS... OK
--- 刷新 14:24:46 ---
Fetch: 000880.SZ... OK
Fetch: 000001.SS... OK
--- 刷新 14:25:01 ---
Fetch: 000880.SZ... OK
Fetch: 000001.SS... OK
--- 刷新 14:25:17 ---
Fetch: 000880.SZ... OK
Fetch: 000001.SS... OK
--- 刷新 14:25:32 ---
Fetch: 000880.SZ... OK
Fetch: 000001.SS... OK
--- 刷新 14:25:48 ---
Fetch: 000880.SZ... OK
Fetch: 000001.SS... OK
--- 刷新 14:26:03 ---
Fetch: 000880.SZ... OK
Fetch: 000001.SS... OK
--- 刷新 14:26:19 ---
Fetch: 000880.SZ... OK
Fetch: 000001.SS... OK
--- 刷新 14:26:34 ---
Fetch: 000880.SZ... OK
Fetch: 000001.SS... OK
--- 刷新 14:26:50 ---
Fetch: 000880.SZ... OK
Fetch: 000001.SS... OK
--- 刷新 14:27:05 ---
Fetch: 000880.SZ... OK
Fetch: 000001.SS... OK
--- 刷新 14:27:21 ---
Fetch: 000880.SZ... OK
Fetch: 000001.SS... OK
--- 刷新 14:27:36 ---
Fetch: 000880.SZ... OK
Fetch: 000001.SS... OK
--- 刷新 14:27:52 ---
Fetch: 000880.SZ... OK
Fetch: 000001.SS... OK
--- 刷新 14:28:07 ---
Fetch: 000880.SZ... OK
Fetch: 000001.SS... OK
--- 刷新 14:28:23 ---
Fetch: 000880.SZ... OK
Fetch: 000001.SS... OK
--- 刷新 14:28:39 ---
Fetch: 000880.SZ... OK
Fetch: 000001.SS... OK
--- 刷新 14:28:54 ---
Fetch: 000880.SZ... OK
Fetch: 000001.SS... OK
--- 刷新 14:29:10 ---
Fetch: 000880.SZ... OK
Fetch: 000001.SS... OK
--- 刷新 14:29:25 ---
Fetch: 000880.SZ... OK
Fetch: 000001.SS... OK
--- 刷新 14:29:41 ---
Fetch: 000880.SZ... OK
Fetch: 000001.SS... OK
--- 刷新 14:29:56 ---
Fetch: 000880.SZ... OK
Fetch: 000001.SS... OK
--- 刷新 14:30:12 ---
Fetch: 000880.SZ... OK
Fetch: 000001.SS... OK
--- 刷新 14:30:27 ---
Fetch: 000880.SZ... OK
Fetch: 000001.SS... OK
--- 刷新 14:30:43 ---
Fetch: 000880.SZ... OK
Fetch: 000001.SS... OK
--- 刷新 14:30:59 ---
Fetch: 000880.SZ... OK
Fetch: 000001.SS... OK
--- 刷新 14:31:14 ---
Fetch: 000880.SZ... OK
Fetch: 000001.SS... OK
--- 刷新 14:31:30 ---
Fetch: 000880.SZ... OK
Fetch: 000001.SS... OK
--- 刷新 14:31:45 ---
Fetch: 000880.SZ... OK
Fetch: 000001.SS... OK
--- 刷新 14:32:01 ---
Fetch: 000880.SZ... OK
Fetch: 000001.SS... OK
--- 刷新 14:32:16 ---
Fetch: 000880.SZ... OK
Fetch: 000001.SS... OK
--- 刷新 14:32:32 ---
Fetch: 000880.SZ... OK
Fetch: 000001.SS... OK
--- 刷新 14:32:47 ---
Fetch: 000880.SZ... OK
Fetch: 000001.SS... OK
--- 刷新 14:33:03 ---
Fetch: 000880.SZ... OK
Fetch: 000001.SS... OK
--- 刷新 14:33:18 ---
Fetch: 000880.SZ... OK
Fetch: 000001.SS... OK
--- 刷新 14:33:34 ---
Fetch: 000880.SZ... OK
Fetch: 000001.SS... OK
--- 刷新 14:33:49 ---
Fetch: 000880.SZ... OK
Fetch: 000001.SS... OK
--- 刷新 14:34:05 ---
Fetch: 000880.SZ... OK
Fetch: 000001.SS... OK
--- 刷新 14:34:21 ---
Fetch: 000880.SZ... OK
Fetch: 000001.SS... OK
--- 刷新 14:34:36 ---
Fetch: 000880.SZ... OK
Fetch: 000001.SS... OK
--- 刷新 14:34:52 ---
Fetch: 000880.SZ... OK
Fetch: 000001.SS... OK
--- 刷新 14:35:07 ---
Fetch: 000880.SZ... OK
Fetch: 000001.SS... OK
--- 刷新 14:35:23 ---
Fetch: 000880.SZ... OK
Fetch: 000001.SS... OK
--- 刷新 14:35:38 ---
Fetch: 000880.SZ... OK
Fetch: 000001.SS... OK
--- 刷新 14:35:54 ---
Fetch: 000880.SZ... OK
Fetch: 000001.SS... OK
--- 刷新 14:36:09 ---
Fetch: 000880.SZ... OK
Fetch: 000001.SS... OK
--- 刷新 14:36:25 ---
Fetch: 000880.SZ... OK
Fetch: 000001.SS... OK
--- 刷新 14:36:41 ---
Fetch: 000880.SZ... OK
Fetch: 000001.SS... OK
--- 刷新 14:36:56 ---
Fetch: 000880.SZ... OK
Fetch: 000001.SS... OK
--- 刷新 14:37:12 ---
Fetch: 000880.SZ... OK
Fetch: 000001.SS... OK
--- 刷新 14:37:27 ---
Fetch: 000880.SZ... OK
Fetch: 000001.SS... OK
--- 刷新 14:37:43 ---
Fetch: 000880.SZ... OK
Fetch: 000001.SS... OK
--- 刷新 14:37:58 ---
Fetch: 000880.SZ... OK
Fetch: 000001.SS... OK
--- 刷新 14:38:14 ---
Fetch: 000880.SZ... OK
Fetch: 000001.SS... OK
--- 刷新 14:38:29 ---
Fetch: 000880.SZ... OK
Fetch: 000001.SS... OK
--- 刷新 14:38:45 ---
Fetch: 000880.SZ... OK
Fetch: 000001.SS... OK
--- 刷新 14:39:01 ---
Fetch: 000880.SZ... OK
Fetch: 000001.SS... OK
--- 刷新 14:39:16 ---
Fetch: 000880.SZ... OK
Fetch: 000001.SS... OK
--- 刷新 14:39:32 ---
Fetch: 000880.SZ... OK
Fetch: 000001.SS... OK
--- 刷新 14:39:47 ---
Fetch: 000880.SZ... OK
Fetch: 000001.SS... OK
--- 刷新 14:40:03 ---
Fetch: 000880.SZ... OK
Fetch: 000001.SS... OK
--- 刷新 14:40:18 ---
Fetch: 000880.SZ... OK
Fetch: 000001.SS... OK
--- 刷新 14:40:34 ---
Fetch: 000880.SZ... OK
Fetch: 000001.SS... OK
--- 刷新 14:40:49 ---
Fetch: 000880.SZ... OK
Fetch: 000001.SS... OK
--- 刷新 14:41:05 ---
Fetch: 000880.SZ... OK
Fetch: 000001.SS... OK
--- 刷新 14:41:20 ---
Fetch: 000880.SZ... OK
Fetch: 000001.SS... OK
--- 刷新 14:41:36 ---
Fetch: 000880.SZ... OK
Fetch: 000001.SS... OK
--- 刷新 14:41:52 ---
Fetch: 000880.SZ... OK
Fetch: 000001.SS... OK
--- 刷新 14:42:07 ---
Fetch: 000880.SZ... OK
Fetch: 000001.SS... OK
--- 刷新 14:42:23 ---
Fetch: 000880.SZ... OK
Fetch: 000001.SS... OK
--- 刷新 14:42:38 ---
Fetch: 000880.SZ... OK
Fetch: 000001.SS... OK
--- 刷新 14:42:54 ---
Fetch: 000880.SZ... OK
Fetch: 000001.SS... OK
--- 刷新 14:43:09 ---
Fetch: 000880.SZ... OK
Fetch: 000001.SS... OK
--- 刷新 14:43:25 ---
Fetch: 000880.SZ... OK
Fetch: 000001.SS... OK
--- 刷新 14:43:40 ---
Fetch: 000880.SZ... OK
Fetch: 000001.SS... OK
--- 刷新 14:43:56 ---
Fetch: 000880.SZ... OK
Fetch: 000001.SS... OK
--- 刷新 14:44:11 ---
Fetch: 000880.SZ... OK
Fetch: 000001.SS... OK
--- 刷新 14:44:27 ---
Fetch: 000880.SZ... OK
Fetch: 000001.SS... OK
--- 刷新 14:44:42 ---
Fetch: 000880.SZ... OK
Fetch: 000001.SS... OK
--- 刷新 14:44:58 ---
Fetch: 000880.SZ... OK
Fetch: 000001.SS... OK
--- 刷新 14:45:14 ---
Fetch: 000880.SZ... OK
Fetch: 000001.SS... OK
--- 刷新 14:45:29 ---
Fetch: 000880.SZ... OK
Fetch: 000001.SS... OK
--- 刷新 14:45:45 ---
Fetch: 000880.SZ... OK
Fetch: 000001.SS... OK
--- 刷新 14:46:00 ---
Fetch: 000880.SZ... OK
Fetch: 000001.SS... OK
--- 刷新 14:46:16 ---
Fetch: 000880.SZ... OK
Fetch: 000001.SS... OK
--- 刷新 14:46:31 ---
Fetch: 000880.SZ... OK
Fetch: 000001.SS... OK
--- 刷新 14:46:47 ---
Fetch: 000880.SZ... OK
Fetch: 000001.SS... OK
--- 刷新 14:47:03 ---
Fetch: 000880.SZ... OK
Fetch: 000001.SS... OK
--- 刷新 14:47:18 ---
Fetch: 000880.SZ... OK
Fetch: 000001.SS... OK
--- 刷新 14:47:34 ---
Fetch: 000880.SZ... OK
Fetch: 000001.SS... OK
--- 刷新 14:47:49 ---
Fetch: 000880.SZ... OK
Fetch: 000001.SS... OK
--- 刷新 14:48:05 ---
Fetch: 000880.SZ... OK
Fetch: 000001.SS... OK
--- 刷新 14:48:20 ---
Fetch: 000880.SZ... OK
Fetch: 000001.SS... OK
--- 刷新 14:48:36 ---
Fetch: 000880.SZ... OK
Fetch: 000001.SS... OK
--- 刷新 14:48:51 ---
Fetch: 000880.SZ... OK
Fetch: 000001.SS... OK
--- 刷新 14:49:07 ---
Fetch: 000880.SZ... OK
Fetch: 000001.SS... OK
--- 刷新 14:49:23 ---
Fetch: 000880.SZ... OK
Fetch: 000001.SS... OK
--- 刷新 14:49:38 ---
Fetch: 000880.SZ... OK
Fetch: 000001.SS... OK
--- 刷新 14:49:54 ---
Fetch: 000880.SZ... OK
Fetch: 000001.SS... OK
--- 刷新 14:50:09 ---
Fetch: 000880.SZ... OK
Fetch: 000001.SS... OK
--- 刷新 14:50:25 ---
Fetch: 000880.SZ... OK
Fetch: 000001.SS... OK
--- 刷新 14:50:40 ---
Fetch: 000880.SZ... OK
Fetch: 000001.SS... OK
--- 刷新 14:50:56 ---
Fetch: 000880.SZ... OK
Fetch: 000001.SS... OK
--- 刷新 14:51:11 ---
Fetch: 000880.SZ... OK
Fetch: 000001.SS... OK
--- 刷新 14:51:27 ---
Fetch: 000880.SZ... OK
Fetch: 000001.SS... OK
--- 刷新 14:51:42 ---
Fetch: 000880.SZ... OK
Fetch: 000001.SS... OK
--- 刷新 14:51:58 ---
Fetch: 000880.SZ... OK
Fetch: 000001.SS... OK
--- 刷新 14:52:13 ---
Fetch: 000880.SZ... OK
Fetch: 000001.SS... OK
--- 刷新 14:52:29 ---
Fetch: 000880.SZ... OK
Fetch: 000001.SS... OK
--- 刷新 14:52:44 ---
Fetch: 000880.SZ... OK
Fetch: 000001.SS... OK
--- 刷新 14:53:00 ---
Fetch: 000880.SZ... $000880.SZ: possibly delisted; no price data found  (period=1d)
空数据
Fetch: 000001.SS... $000001.SS: possibly delisted; no price data found  (period=1d)
空数据
--- 刷新 14:53:35 ---
Fetch: 000880.SZ... $000880.SZ: possibly delisted; no price data found  (period=1d)
空数据
Fetch: 000001.SS... $000001.SS: possibly delisted; no price data found  (period=1d)
空数据
--- 刷新 14:54:10 ---
Fetch: 000880.SZ... OK
Fetch: 000001.SS... OK
--- 刷新 14:54:26 ---
Fetch: 000880.SZ... OK
Fetch: 000001.SS... OK
--- 刷新 14:54:42 ---
Fetch: 000880.SZ... OK
Fetch: 000001.SS... OK
--- 刷新 14:54:58 ---
Fetch: 000880.SZ... OK
Fetch: 000001.SS... OK
